
1 change; before #2  2 seconds ago
E464: Ambiguous use of user-defined command
21 fewer lines
21 fewer lines
/works             
/works      W [1/1]
E464: Ambiguous use of user-defined command
Already at oldest change
/#0d1c30             
/#0d1c30        [2/8]
1 change; before #9  2 seconds ago
/#0d1c30             
/#0d1c30        [3/8]
E20: Mark not set
1 change; before #11  5 seconds ago
1 change; before #10  6 seconds ago
/#0d1c30             
/#0d1c30        [4/8]
/#0d1c30             
/#0d1c30        [4/7]
1 change; before #15  15 seconds ago
1 change; before #14  20 seconds ago