[08/06/2022 14:07:00 - INFO] Discord Presence activated
[08/06/2022 14:07:00 - INFO] Creating discord-rpc client
[08/06/2022 14:07:00 - ERROR] Encountered following error while trying to login:
Error: connection closed
[08/06/2022 14:07:00 - DEBUG] Loading git extension
[08/06/2022 14:07:15 - INFO] Disable: Cleaning up old listeners
[08/06/2022 14:07:15 - INFO] Disable: Destroyed the rpc instance
[08/06/2022 14:07:15 - INFO] Enable: Cleaning up old listeners
[08/06/2022 14:07:15 - INFO] Enable: Attempting to recreate login
[08/06/2022 14:07:15 - INFO] Creating discord-rpc client
[08/06/2022 14:07:15 - INFO] Successfully connected to Discord
[08/06/2022 14:07:15 - TRACE] VSCode language id: scss
[08/06/2022 14:09:17 - TRACE] VSCode language id: yuck
[08/06/2022 14:09:17 - TRACE] VSCode language id: yuck
[08/06/2022 14:09:36 - TRACE] VSCode language id: shellscript
[08/06/2022 14:09:37 - TRACE] VSCode language id: shellscript
[08/06/2022 14:09:39 - TRACE] VSCode language id: shellscript
[08/06/2022 14:09:39 - TRACE] VSCode language id: shellscript
[08/06/2022 14:09:40 - TRACE] VSCode language id: shellscript
[08/06/2022 14:09:40 - TRACE] VSCode language id: shellscript
[08/06/2022 14:09:47 - TRACE] VSCode language id: scss
[08/06/2022 14:10:02 - TRACE] VSCode language id: scss
[08/06/2022 14:10:31 - TRACE] VSCode language id: jsonc
[08/06/2022 14:10:39 - TRACE] VSCode language id: scss
[08/06/2022 14:10:39 - TRACE] VSCode language id: scss
[08/06/2022 14:28:04 - TRACE] VSCode language id: yuck
[08/06/2022 14:28:04 - TRACE] VSCode language id: yuck
[08/06/2022 14:28:06 - TRACE] VSCode language id: shellscript
[08/06/2022 14:28:06 - TRACE] VSCode language id: shellscript
[08/06/2022 14:29:09 - TRACE] VSCode language id: shellscript
[08/06/2022 14:29:10 - TRACE] VSCode language id: shellscript
[08/06/2022 14:29:13 - TRACE] VSCode language id: shellscript
[08/06/2022 14:29:13 - TRACE] VSCode language id: shellscript
[08/06/2022 14:29:15 - TRACE] VSCode language id: shellscript
[08/06/2022 14:29:18 - TRACE] VSCode language id: shellscript
[08/06/2022 14:29:20 - TRACE] VSCode language id: shellscript
[08/06/2022 14:29:22 - TRACE] VSCode language id: shellscript
[08/06/2022 14:29:29 - TRACE] VSCode language id: shellscript
[08/06/2022 14:29:31 - TRACE] VSCode language id: shellscript
[08/06/2022 14:29:34 - TRACE] VSCode language id: shellscript
[08/06/2022 14:29:36 - TRACE] VSCode language id: shellscript
[08/06/2022 14:29:38 - TRACE] VSCode language id: shellscript
[08/06/2022 14:29:39 - TRACE] VSCode language id: shellscript
[08/06/2022 14:29:41 - TRACE] VSCode language id: shellscript
[08/06/2022 14:29:43 - TRACE] VSCode language id: shellscript
[08/06/2022 14:29:44 - TRACE] VSCode language id: shellscript
[08/06/2022 14:29:46 - TRACE] VSCode language id: shellscript
[08/06/2022 14:29:48 - TRACE] VSCode language id: shellscript
[08/06/2022 14:29:50 - TRACE] VSCode language id: shellscript
[08/06/2022 14:29:52 - TRACE] VSCode language id: shellscript
[08/06/2022 14:29:54 - TRACE] VSCode language id: shellscript
[08/06/2022 14:29:55 - TRACE] VSCode language id: shellscript
[08/06/2022 14:29:57 - TRACE] VSCode language id: shellscript
[08/06/2022 14:30:06 - TRACE] VSCode language id: shellscript
[08/06/2022 14:30:08 - TRACE] VSCode language id: shellscript
[08/06/2022 14:31:59 - TRACE] VSCode language id: shellscript
[08/06/2022 14:32:18 - TRACE] VSCode language id: shellscript
[08/06/2022 14:32:18 - TRACE] VSCode language id: shellscript
[08/06/2022 14:33:33 - TRACE] VSCode language id: scss
[08/06/2022 14:33:33 - TRACE] VSCode language id: scss
[08/06/2022 14:33:39 - TRACE] VSCode language id: scss
[08/06/2022 14:33:46 - TRACE] VSCode language id: scss
[08/06/2022 14:33:59 - TRACE] VSCode language id: scss
[08/06/2022 14:34:00 - TRACE] VSCode language id: scss
[08/06/2022 14:34:02 - TRACE] VSCode language id: scss
[08/06/2022 14:34:06 - TRACE] VSCode language id: yuck
[08/06/2022 14:34:06 - TRACE] VSCode language id: yuck
[08/06/2022 14:34:06 - TRACE] VSCode language id: shellscript
[08/06/2022 14:34:06 - TRACE] VSCode language id: shellscript
[08/06/2022 14:34:12 - TRACE] VSCode language id: yuck
[08/06/2022 14:34:12 - TRACE] VSCode language id: yuck
[08/06/2022 14:34:13 - TRACE] VSCode language id: shellscript
[08/06/2022 14:34:13 - TRACE] VSCode language id: shellscript
[08/06/2022 14:34:24 - TRACE] VSCode language id: jsonc
[08/06/2022 14:34:26 - TRACE] VSCode language id: jsonc
[08/06/2022 14:34:28 - TRACE] VSCode language id: jsonc
[08/06/2022 14:34:30 - TRACE] VSCode language id: jsonc
[08/06/2022 14:34:31 - TRACE] VSCode language id: jsonc
[08/06/2022 14:34:33 - TRACE] VSCode language id: jsonc
[08/06/2022 14:34:33 - TRACE] VSCode language id: scss
[08/06/2022 14:34:33 - TRACE] VSCode language id: scss
[08/06/2022 14:34:35 - TRACE] VSCode language id: scss
[08/06/2022 14:34:37 - TRACE] VSCode language id: scss
[08/06/2022 14:34:39 - TRACE] VSCode language id: shellscript
[08/06/2022 14:34:39 - TRACE] VSCode language id: shellscript
[08/06/2022 14:34:39 - TRACE] VSCode language id: yuck
[08/06/2022 14:34:39 - TRACE] VSCode language id: yuck
[08/06/2022 14:34:41 - TRACE] VSCode language id: yuck
[08/06/2022 14:35:10 - TRACE] VSCode language id: shellscript
[08/06/2022 14:35:10 - TRACE] VSCode language id: shellscript
[08/06/2022 14:35:18 - TRACE] VSCode language id: shellscript
[08/06/2022 14:35:20 - TRACE] VSCode language id: shellscript
[08/06/2022 14:35:22 - TRACE] VSCode language id: shellscript
[08/06/2022 14:35:24 - TRACE] VSCode language id: shellscript
[08/06/2022 14:35:27 - TRACE] VSCode language id: shellscript
[08/06/2022 14:35:27 - TRACE] VSCode language id: shellscript
[08/06/2022 14:35:29 - TRACE] VSCode language id: shellscript
[08/06/2022 14:35:31 - TRACE] VSCode language id: shellscript
[08/06/2022 14:35:33 - TRACE] VSCode language id: yuck
[08/06/2022 14:35:33 - TRACE] VSCode language id: yuck
[08/06/2022 14:35:34 - TRACE] VSCode language id: yuck
[08/06/2022 14:35:58 - TRACE] VSCode language id: scss
[08/06/2022 14:35:58 - TRACE] VSCode language id: scss
[08/06/2022 14:36:18 - TRACE] VSCode language id: scss
[08/06/2022 14:36:20 - TRACE] VSCode language id: scss
[08/06/2022 14:36:54 - TRACE] VSCode language id: scss
[08/06/2022 14:36:56 - TRACE] VSCode language id: scss
[08/06/2022 14:37:01 - TRACE] VSCode language id: scss
[08/06/2022 14:37:03 - TRACE] VSCode language id: scss
[08/06/2022 14:37:05 - TRACE] VSCode language id: scss
[08/06/2022 14:37:07 - TRACE] VSCode language id: scss
[08/06/2022 14:38:15 - TRACE] VSCode language id: scss
[08/06/2022 14:38:17 - TRACE] VSCode language id: scss
[08/06/2022 14:38:19 - TRACE] VSCode language id: scss
[08/06/2022 14:39:35 - TRACE] VSCode language id: shellscript
[08/06/2022 14:39:35 - TRACE] VSCode language id: shellscript
[08/06/2022 14:39:44 - TRACE] VSCode language id: shellscript
[08/06/2022 14:39:46 - TRACE] VSCode language id: shellscript
[08/06/2022 14:39:48 - TRACE] VSCode language id: shellscript
[08/06/2022 14:39:50 - TRACE] VSCode language id: shellscript
[08/06/2022 14:39:58 - TRACE] VSCode language id: shellscript
[08/06/2022 14:40:00 - TRACE] VSCode language id: shellscript
[08/06/2022 14:40:05 - TRACE] VSCode language id: yuck
[08/06/2022 14:40:05 - TRACE] VSCode language id: yuck
[08/06/2022 14:40:06 - TRACE] VSCode language id: scss
[08/06/2022 14:40:06 - TRACE] VSCode language id: scss
[08/06/2022 14:40:20 - TRACE] VSCode language id: scss
[08/06/2022 14:40:22 - TRACE] VSCode language id: scss
[08/06/2022 14:40:25 - TRACE] VSCode language id: scss
[08/06/2022 14:40:28 - TRACE] VSCode language id: scss
[08/06/2022 14:40:32 - TRACE] VSCode language id: scss
[08/06/2022 14:40:34 - TRACE] VSCode language id: scss
[08/06/2022 14:40:36 - TRACE] VSCode language id: scss
[08/06/2022 14:40:38 - TRACE] VSCode language id: scss
[08/06/2022 14:40:41 - TRACE] VSCode language id: scss
[08/06/2022 14:40:41 - TRACE] VSCode language id: scss
[08/06/2022 14:40:43 - TRACE] VSCode language id: scss
[08/06/2022 14:40:46 - TRACE] VSCode language id: scss
[08/06/2022 14:40:48 - TRACE] VSCode language id: scss
[08/06/2022 14:40:55 - TRACE] VSCode language id: scss
[08/06/2022 14:42:27 - TRACE] VSCode language id: scss
[08/06/2022 14:42:29 - TRACE] VSCode language id: scss
[08/06/2022 14:42:29 - TRACE] VSCode language id: scss
[08/06/2022 14:42:31 - TRACE] VSCode language id: scss
[08/06/2022 14:42:36 - TRACE] VSCode language id: yuck
[08/06/2022 14:42:36 - TRACE] VSCode language id: yuck
[08/06/2022 14:42:37 - TRACE] VSCode language id: shellscript
[08/06/2022 14:42:37 - TRACE] VSCode language id: shellscript
[08/06/2022 14:43:16 - TRACE] VSCode language id: shellscript
[08/06/2022 14:43:18 - TRACE] VSCode language id: shellscript
[08/06/2022 14:43:20 - TRACE] VSCode language id: shellscript
[08/06/2022 14:43:24 - TRACE] VSCode language id: shellscript
[08/06/2022 14:43:26 - TRACE] VSCode language id: shellscript
[08/06/2022 14:43:28 - TRACE] VSCode language id: shellscript
[08/06/2022 14:43:29 - TRACE] VSCode language id: shellscript
[08/06/2022 14:43:31 - TRACE] VSCode language id: shellscript
[08/06/2022 14:43:34 - TRACE] VSCode language id: shellscript
[08/06/2022 14:43:36 - TRACE] VSCode language id: shellscript
[08/06/2022 14:43:36 - TRACE] VSCode language id: scss
[08/06/2022 14:43:36 - TRACE] VSCode language id: scss
[08/06/2022 14:43:37 - TRACE] VSCode language id: scss
[08/06/2022 14:43:39 - TRACE] VSCode language id: shellscript
[08/06/2022 14:43:39 - TRACE] VSCode language id: shellscript
[08/06/2022 14:43:40 - TRACE] VSCode language id: shellscript
[08/06/2022 14:43:40 - TRACE] VSCode language id: shellscript
[08/06/2022 14:43:47 - TRACE] VSCode language id: shellscript
[08/06/2022 14:43:49 - TRACE] VSCode language id: shellscript
[08/06/2022 14:43:50 - TRACE] VSCode language id: scss
[08/06/2022 14:43:50 - TRACE] VSCode language id: scss
[08/06/2022 14:43:51 - TRACE] VSCode language id: scss
[08/06/2022 14:43:53 - TRACE] VSCode language id: shellscript
[08/06/2022 14:43:53 - TRACE] VSCode language id: shellscript
[08/06/2022 14:43:56 - TRACE] VSCode language id: shellscript
[08/06/2022 14:43:59 - TRACE] VSCode language id: shellscript
[08/06/2022 14:44:01 - TRACE] VSCode language id: scss
[08/06/2022 14:44:01 - TRACE] VSCode language id: scss
[08/06/2022 14:44:01 - TRACE] VSCode language id: scss
[08/06/2022 14:44:04 - TRACE] VSCode language id: scss
[08/06/2022 14:44:15 - TRACE] VSCode language id: scss
[08/06/2022 14:44:25 - TRACE] VSCode language id: scss
[08/06/2022 14:44:27 - TRACE] VSCode language id: scss
[08/06/2022 14:44:29 - TRACE] VSCode language id: scss
[08/06/2022 14:44:44 - TRACE] VSCode language id: scss
[08/06/2022 14:44:46 - TRACE] VSCode language id: scss
[08/06/2022 14:44:48 - TRACE] VSCode language id: scss
[08/06/2022 14:44:50 - TRACE] VSCode language id: scss
[08/06/2022 14:44:52 - TRACE] VSCode language id: scss
[08/06/2022 14:45:04 - TRACE] VSCode language id: scss
[08/06/2022 14:45:06 - TRACE] VSCode language id: scss
[08/06/2022 14:45:08 - TRACE] VSCode language id: scss
[08/06/2022 14:45:10 - TRACE] VSCode language id: scss
[08/06/2022 14:45:12 - TRACE] VSCode language id: scss
[08/06/2022 14:45:14 - TRACE] VSCode language id: scss
[08/06/2022 14:45:16 - TRACE] VSCode language id: scss
[08/06/2022 14:45:21 - TRACE] VSCode language id: scss
[08/06/2022 14:45:23 - TRACE] VSCode language id: scss
[08/06/2022 14:45:25 - TRACE] VSCode language id: scss
[08/06/2022 14:45:27 - TRACE] VSCode language id: scss
[08/06/2022 14:45:29 - TRACE] VSCode language id: scss
[08/06/2022 14:45:31 - TRACE] VSCode language id: scss
[08/06/2022 14:45:33 - TRACE] VSCode language id: scss
[08/06/2022 14:45:36 - TRACE] VSCode language id: scss
[08/06/2022 14:45:38 - TRACE] VSCode language id: scss
[08/06/2022 14:45:39 - TRACE] VSCode language id: scss
[08/06/2022 14:45:47 - TRACE] VSCode language id: scss
[08/06/2022 14:45:49 - TRACE] VSCode language id: scss
[08/06/2022 14:45:51 - TRACE] VSCode language id: scss
[08/06/2022 14:45:53 - TRACE] VSCode language id: scss
[08/06/2022 14:45:55 - TRACE] VSCode language id: scss
[08/06/2022 14:45:57 - TRACE] VSCode language id: scss
[08/06/2022 14:45:59 - TRACE] VSCode language id: scss
[08/06/2022 14:46:14 - TRACE] VSCode language id: scss
[08/06/2022 14:46:16 - TRACE] VSCode language id: scss
[08/06/2022 14:46:19 - TRACE] VSCode language id: scss
[08/06/2022 14:46:31 - TRACE] VSCode language id: scss
[08/06/2022 14:46:33 - TRACE] VSCode language id: scss
[08/06/2022 14:46:33 - TRACE] VSCode language id: scss
[08/06/2022 14:46:44 - TRACE] VSCode language id: scss
[08/06/2022 14:46:46 - TRACE] VSCode language id: scss
[08/06/2022 14:46:50 - TRACE] VSCode language id: scss
[08/06/2022 14:46:52 - TRACE] VSCode language id: scss
[08/06/2022 14:46:56 - TRACE] VSCode language id: scss
[08/06/2022 14:46:58 - TRACE] VSCode language id: scss
[08/06/2022 14:47:01 - TRACE] VSCode language id: scss
[08/06/2022 14:47:01 - TRACE] VSCode language id: scss
[08/06/2022 14:47:03 - TRACE] VSCode language id: scss
[08/06/2022 14:47:06 - TRACE] VSCode language id: scss
[08/06/2022 14:47:08 - TRACE] VSCode language id: scss
[08/06/2022 14:47:10 - TRACE] VSCode language id: scss
[08/06/2022 14:47:12 - TRACE] VSCode language id: scss
[08/06/2022 14:47:25 - TRACE] VSCode language id: scss
[08/06/2022 14:47:27 - TRACE] VSCode language id: scss
[08/06/2022 14:47:36 - TRACE] VSCode language id: scss
[08/06/2022 14:47:38 - TRACE] VSCode language id: scss
[08/06/2022 14:47:40 - TRACE] VSCode language id: scss
[08/06/2022 14:47:43 - TRACE] VSCode language id: scss
[08/06/2022 14:47:45 - TRACE] VSCode language id: scss
[08/06/2022 14:47:47 - TRACE] VSCode language id: scss
[08/06/2022 14:47:49 - TRACE] VSCode language id: scss
[08/06/2022 14:47:55 - TRACE] VSCode language id: scss
[08/06/2022 14:47:57 - TRACE] VSCode language id: scss
[08/06/2022 14:47:59 - TRACE] VSCode language id: scss
[08/06/2022 14:48:01 - TRACE] VSCode language id: scss
[08/06/2022 14:48:09 - TRACE] VSCode language id: scss
[08/06/2022 14:48:11 - TRACE] VSCode language id: scss
[08/06/2022 14:48:13 - TRACE] VSCode language id: scss
[08/06/2022 14:48:14 - TRACE] VSCode language id: scss
[08/06/2022 14:48:20 - TRACE] VSCode language id: scss
[08/06/2022 14:48:22 - TRACE] VSCode language id: scss
[08/06/2022 14:48:23 - TRACE] VSCode language id: scss
[08/06/2022 14:48:25 - TRACE] VSCode language id: scss
[08/06/2022 14:48:29 - TRACE] VSCode language id: scss
[08/06/2022 14:48:31 - TRACE] VSCode language id: scss
[08/06/2022 14:48:33 - TRACE] VSCode language id: scss
[08/06/2022 14:48:36 - TRACE] VSCode language id: scss
[08/06/2022 14:48:36 - TRACE] VSCode language id: scss
[08/06/2022 14:48:38 - TRACE] VSCode language id: scss
[08/06/2022 14:48:40 - TRACE] VSCode language id: scss
[08/06/2022 14:48:42 - TRACE] VSCode language id: scss
[08/06/2022 14:48:52 - TRACE] VSCode language id: scss
[08/06/2022 14:49:01 - TRACE] VSCode language id: scss
[08/06/2022 14:49:07 - TRACE] VSCode language id: shellscript
[08/06/2022 14:49:07 - TRACE] VSCode language id: shellscript
[08/06/2022 14:49:08 - TRACE] VSCode language id: yuck
[08/06/2022 14:49:08 - TRACE] VSCode language id: yuck
[08/06/2022 14:49:09 - TRACE] VSCode language id: shellscript
[08/06/2022 14:49:09 - TRACE] VSCode language id: shellscript
[08/06/2022 14:50:37 - TRACE] VSCode language id: yuck
[08/06/2022 14:50:38 - TRACE] VSCode language id: yuck
[08/06/2022 14:51:06 - TRACE] VSCode language id: jsonc
[08/06/2022 14:51:08 - TRACE] VSCode language id: scss
[08/06/2022 14:51:08 - TRACE] VSCode language id: scss
[08/06/2022 14:51:58 - TRACE] VSCode language id: scss
[08/06/2022 14:51:59 - TRACE] VSCode language id: scss
[08/06/2022 14:55:44 - TRACE] VSCode language id: scss
[08/06/2022 14:55:57 - TRACE] VSCode language id: shellscript
[08/06/2022 14:55:58 - TRACE] VSCode language id: shellscript
[08/06/2022 14:56:11 - TRACE] VSCode language id: shellscript
[08/06/2022 14:56:12 - TRACE] VSCode language id: shellscript
[08/06/2022 15:00:40 - TRACE] VSCode language id: scss
[08/06/2022 15:00:40 - TRACE] VSCode language id: scss
