["INFO" - 2:10:18 PM] Extension Name: esbenp.prettier-vscode.
["INFO" - 2:10:18 PM] Extension Version: 9.5.0.
["INFO" - 2:34:35 PM] Formatting file:///home/finder/.config/eww/bar/eww.scss
["INFO" - 2:34:35 PM] Using ignore file (if present) at /home/finder/.config/eww/bar/.prettierignore
["INFO" - 2:34:35 PM] File Info:
{
  "ignored": false,
  "inferredParser": "scss"
}
["INFO" - 2:34:35 PM] No local configuration (i.e. .prettierrc or .editorconfig) detected, falling back to VS Code configuration
["INFO" - 2:34:35 PM] Prettier Options:
{
  "arrowParens": "always",
  "bracketSpacing": true,
  "endOfLine": "lf",
  "htmlWhitespaceSensitivity": "css",
  "insertPragma": false,
  "jsxBracketSameLine": false,
  "jsxSingleQuote": false,
  "printWidth": 80,
  "proseWrap": "preserve",
  "quoteProps": "as-needed",
  "requirePragma": false,
  "semi": true,
  "singleQuote": false,
  "tabWidth": 2,
  "trailingComma": "es5",
  "useTabs": false,
  "vueIndentScriptAndStyle": false,
  "filepath": "/home/finder/.config/eww/bar/eww.scss",
  "parser": "scss"
}
["INFO" - 2:34:35 PM] Formatting completed in 0.237ms.
["INFO" - 2:36:19 PM] Formatting file:///home/finder/.config/eww/bar/eww.scss
["INFO" - 2:36:19 PM] Using ignore file (if present) at /home/finder/.config/eww/bar/.prettierignore
["INFO" - 2:36:19 PM] File Info:
{
  "ignored": false,
  "inferredParser": "scss"
}
["INFO" - 2:36:19 PM] No local configuration (i.e. .prettierrc or .editorconfig) detected, falling back to VS Code configuration
["INFO" - 2:36:19 PM] Prettier Options:
{
  "arrowParens": "always",
  "bracketSpacing": true,
  "endOfLine": "lf",
  "htmlWhitespaceSensitivity": "css",
  "insertPragma": false,
  "jsxBracketSameLine": false,
  "jsxSingleQuote": false,
  "printWidth": 80,
  "proseWrap": "preserve",
  "quoteProps": "as-needed",
  "requirePragma": false,
  "semi": true,
  "singleQuote": false,
  "tabWidth": 2,
  "trailingComma": "es5",
  "useTabs": false,
  "vueIndentScriptAndStyle": false,
  "filepath": "/home/finder/.config/eww/bar/eww.scss",
  "parser": "scss"
}
["INFO" - 2:36:19 PM] Formatting completed in 0.128ms.
["INFO" - 2:37:06 PM] Formatting file:///home/finder/.config/eww/bar/eww.scss
["INFO" - 2:37:06 PM] Using ignore file (if present) at /home/finder/.config/eww/bar/.prettierignore
["INFO" - 2:37:06 PM] File Info:
{
  "ignored": false,
  "inferredParser": "scss"
}
["INFO" - 2:37:06 PM] No local configuration (i.e. .prettierrc or .editorconfig) detected, falling back to VS Code configuration
["INFO" - 2:37:06 PM] Prettier Options:
{
  "arrowParens": "always",
  "bracketSpacing": true,
  "endOfLine": "lf",
  "htmlWhitespaceSensitivity": "css",
  "insertPragma": false,
  "jsxBracketSameLine": false,
  "jsxSingleQuote": false,
  "printWidth": 80,
  "proseWrap": "preserve",
  "quoteProps": "as-needed",
  "requirePragma": false,
  "semi": true,
  "singleQuote": false,
  "tabWidth": 2,
  "trailingComma": "es5",
  "useTabs": false,
  "vueIndentScriptAndStyle": false,
  "filepath": "/home/finder/.config/eww/bar/eww.scss",
  "parser": "scss"
}
["INFO" - 2:37:06 PM] Formatting completed in 0.131ms.
["INFO" - 2:38:15 PM] Formatting file:///home/finder/.config/eww/bar/eww.scss
["INFO" - 2:38:16 PM] Using ignore file (if present) at /home/finder/.config/eww/bar/.prettierignore
["INFO" - 2:38:16 PM] File Info:
{
  "ignored": false,
  "inferredParser": "scss"
}
["INFO" - 2:38:16 PM] No local configuration (i.e. .prettierrc or .editorconfig) detected, falling back to VS Code configuration
["INFO" - 2:38:16 PM] Prettier Options:
{
  "arrowParens": "always",
  "bracketSpacing": true,
  "endOfLine": "lf",
  "htmlWhitespaceSensitivity": "css",
  "insertPragma": false,
  "jsxBracketSameLine": false,
  "jsxSingleQuote": false,
  "printWidth": 80,
  "proseWrap": "preserve",
  "quoteProps": "as-needed",
  "requirePragma": false,
  "semi": true,
  "singleQuote": false,
  "tabWidth": 2,
  "trailingComma": "es5",
  "useTabs": false,
  "vueIndentScriptAndStyle": false,
  "filepath": "/home/finder/.config/eww/bar/eww.scss",
  "parser": "scss"
}
["INFO" - 2:38:16 PM] Formatting completed in 0.114ms.
["INFO" - 2:38:18 PM] Formatting file:///home/finder/.config/eww/bar/eww.scss
["INFO" - 2:38:18 PM] Using ignore file (if present) at /home/finder/.config/eww/bar/.prettierignore
["INFO" - 2:38:18 PM] File Info:
{
  "ignored": false,
  "inferredParser": "scss"
}
["INFO" - 2:38:18 PM] No local configuration (i.e. .prettierrc or .editorconfig) detected, falling back to VS Code configuration
["INFO" - 2:38:18 PM] Prettier Options:
{
  "arrowParens": "always",
  "bracketSpacing": true,
  "endOfLine": "lf",
  "htmlWhitespaceSensitivity": "css",
  "insertPragma": false,
  "jsxBracketSameLine": false,
  "jsxSingleQuote": false,
  "printWidth": 80,
  "proseWrap": "preserve",
  "quoteProps": "as-needed",
  "requirePragma": false,
  "semi": true,
  "singleQuote": false,
  "tabWidth": 2,
  "trailingComma": "es5",
  "useTabs": false,
  "vueIndentScriptAndStyle": false,
  "filepath": "/home/finder/.config/eww/bar/eww.scss",
  "parser": "scss"
}
["INFO" - 2:38:18 PM] Formatting completed in 0.142ms.
["INFO" - 2:40:21 PM] Formatting file:///home/finder/.config/eww/bar/eww.scss
["INFO" - 2:40:21 PM] Using ignore file (if present) at /home/finder/.config/eww/bar/.prettierignore
["INFO" - 2:40:21 PM] File Info:
{
  "ignored": false,
  "inferredParser": "scss"
}
["INFO" - 2:40:21 PM] No local configuration (i.e. .prettierrc or .editorconfig) detected, falling back to VS Code configuration
["INFO" - 2:40:21 PM] Prettier Options:
{
  "arrowParens": "always",
  "bracketSpacing": true,
  "endOfLine": "lf",
  "htmlWhitespaceSensitivity": "css",
  "insertPragma": false,
  "jsxBracketSameLine": false,
  "jsxSingleQuote": false,
  "printWidth": 80,
  "proseWrap": "preserve",
  "quoteProps": "as-needed",
  "requirePragma": false,
  "semi": true,
  "singleQuote": false,
  "tabWidth": 2,
  "trailingComma": "es5",
  "useTabs": false,
  "vueIndentScriptAndStyle": false,
  "filepath": "/home/finder/.config/eww/bar/eww.scss",
  "parser": "scss"
}
["INFO" - 2:40:21 PM] Formatting completed in 0.095ms.
["INFO" - 2:40:24 PM] Formatting file:///home/finder/.config/eww/bar/eww.scss
["INFO" - 2:40:24 PM] Using ignore file (if present) at /home/finder/.config/eww/bar/.prettierignore
["INFO" - 2:40:24 PM] File Info:
{
  "ignored": false,
  "inferredParser": "scss"
}
["INFO" - 2:40:24 PM] No local configuration (i.e. .prettierrc or .editorconfig) detected, falling back to VS Code configuration
["INFO" - 2:40:24 PM] Prettier Options:
{
  "arrowParens": "always",
  "bracketSpacing": true,
  "endOfLine": "lf",
  "htmlWhitespaceSensitivity": "css",
  "insertPragma": false,
  "jsxBracketSameLine": false,
  "jsxSingleQuote": false,
  "printWidth": 80,
  "proseWrap": "preserve",
  "quoteProps": "as-needed",
  "requirePragma": false,
  "semi": true,
  "singleQuote": false,
  "tabWidth": 2,
  "trailingComma": "es5",
  "useTabs": false,
  "vueIndentScriptAndStyle": false,
  "filepath": "/home/finder/.config/eww/bar/eww.scss",
  "parser": "scss"
}
["INFO" - 2:40:24 PM] Formatting completed in 0.135ms.
["INFO" - 2:40:27 PM] Formatting file:///home/finder/.config/eww/bar/eww.scss
["INFO" - 2:40:27 PM] Using ignore file (if present) at /home/finder/.config/eww/bar/.prettierignore
["INFO" - 2:40:27 PM] File Info:
{
  "ignored": false,
  "inferredParser": "scss"
}
["INFO" - 2:40:27 PM] No local configuration (i.e. .prettierrc or .editorconfig) detected, falling back to VS Code configuration
["INFO" - 2:40:27 PM] Prettier Options:
{
  "arrowParens": "always",
  "bracketSpacing": true,
  "endOfLine": "lf",
  "htmlWhitespaceSensitivity": "css",
  "insertPragma": false,
  "jsxBracketSameLine": false,
  "jsxSingleQuote": false,
  "printWidth": 80,
  "proseWrap": "preserve",
  "quoteProps": "as-needed",
  "requirePragma": false,
  "semi": true,
  "singleQuote": false,
  "tabWidth": 2,
  "trailingComma": "es5",
  "useTabs": false,
  "vueIndentScriptAndStyle": false,
  "filepath": "/home/finder/.config/eww/bar/eww.scss",
  "parser": "scss"
}
["INFO" - 2:40:27 PM] Formatting completed in 0.081ms.
["INFO" - 2:40:42 PM] Formatting file:///home/finder/.config/eww/bar/eww.scss
["INFO" - 2:40:42 PM] Using ignore file (if present) at /home/finder/.config/eww/bar/.prettierignore
["INFO" - 2:40:42 PM] File Info:
{
  "ignored": false,
  "inferredParser": "scss"
}
["INFO" - 2:40:42 PM] No local configuration (i.e. .prettierrc or .editorconfig) detected, falling back to VS Code configuration
["INFO" - 2:40:42 PM] Prettier Options:
{
  "arrowParens": "always",
  "bracketSpacing": true,
  "endOfLine": "lf",
  "htmlWhitespaceSensitivity": "css",
  "insertPragma": false,
  "jsxBracketSameLine": false,
  "jsxSingleQuote": false,
  "printWidth": 80,
  "proseWrap": "preserve",
  "quoteProps": "as-needed",
  "requirePragma": false,
  "semi": true,
  "singleQuote": false,
  "tabWidth": 2,
  "trailingComma": "es5",
  "useTabs": false,
  "vueIndentScriptAndStyle": false,
  "filepath": "/home/finder/.config/eww/bar/eww.scss",
  "parser": "scss"
}
["INFO" - 2:40:42 PM] Formatting completed in 0.094ms.
["INFO" - 2:40:47 PM] Formatting file:///home/finder/.config/eww/bar/eww.scss
["INFO" - 2:40:47 PM] Using ignore file (if present) at /home/finder/.config/eww/bar/.prettierignore
["INFO" - 2:40:47 PM] File Info:
{
  "ignored": false,
  "inferredParser": "scss"
}
["INFO" - 2:40:47 PM] No local configuration (i.e. .prettierrc or .editorconfig) detected, falling back to VS Code configuration
["INFO" - 2:40:47 PM] Prettier Options:
{
  "arrowParens": "always",
  "bracketSpacing": true,
  "endOfLine": "lf",
  "htmlWhitespaceSensitivity": "css",
  "insertPragma": false,
  "jsxBracketSameLine": false,
  "jsxSingleQuote": false,
  "printWidth": 80,
  "proseWrap": "preserve",
  "quoteProps": "as-needed",
  "requirePragma": false,
  "semi": true,
  "singleQuote": false,
  "tabWidth": 2,
  "trailingComma": "es5",
  "useTabs": false,
  "vueIndentScriptAndStyle": false,
  "filepath": "/home/finder/.config/eww/bar/eww.scss",
  "parser": "scss"
}
["INFO" - 2:40:48 PM] Formatting completed in 0.116ms.
["INFO" - 2:42:27 PM] Formatting file:///home/finder/.config/eww/bar/eww.scss
["INFO" - 2:42:27 PM] Using ignore file (if present) at /home/finder/.config/eww/bar/.prettierignore
["INFO" - 2:42:27 PM] File Info:
{
  "ignored": false,
  "inferredParser": "scss"
}
["INFO" - 2:42:27 PM] No local configuration (i.e. .prettierrc or .editorconfig) detected, falling back to VS Code configuration
["INFO" - 2:42:27 PM] Prettier Options:
{
  "arrowParens": "always",
  "bracketSpacing": true,
  "endOfLine": "lf",
  "htmlWhitespaceSensitivity": "css",
  "insertPragma": false,
  "jsxBracketSameLine": false,
  "jsxSingleQuote": false,
  "printWidth": 80,
  "proseWrap": "preserve",
  "quoteProps": "as-needed",
  "requirePragma": false,
  "semi": true,
  "singleQuote": false,
  "tabWidth": 2,
  "trailingComma": "es5",
  "useTabs": false,
  "vueIndentScriptAndStyle": false,
  "filepath": "/home/finder/.config/eww/bar/eww.scss",
  "parser": "scss"
}
["INFO" - 2:42:27 PM] Formatting completed in 0.102ms.
["INFO" - 2:42:30 PM] Formatting file:///home/finder/.config/eww/bar/eww.scss
["INFO" - 2:42:30 PM] Using ignore file (if present) at /home/finder/.config/eww/bar/.prettierignore
["INFO" - 2:42:30 PM] File Info:
{
  "ignored": false,
  "inferredParser": "scss"
}
["INFO" - 2:42:30 PM] No local configuration (i.e. .prettierrc or .editorconfig) detected, falling back to VS Code configuration
["INFO" - 2:42:30 PM] Prettier Options:
{
  "arrowParens": "always",
  "bracketSpacing": true,
  "endOfLine": "lf",
  "htmlWhitespaceSensitivity": "css",
  "insertPragma": false,
  "jsxBracketSameLine": false,
  "jsxSingleQuote": false,
  "printWidth": 80,
  "proseWrap": "preserve",
  "quoteProps": "as-needed",
  "requirePragma": false,
  "semi": true,
  "singleQuote": false,
  "tabWidth": 2,
  "trailingComma": "es5",
  "useTabs": false,
  "vueIndentScriptAndStyle": false,
  "filepath": "/home/finder/.config/eww/bar/eww.scss",
  "parser": "scss"
}
["INFO" - 2:42:30 PM] Formatting completed in 0.082ms.
["INFO" - 2:43:37 PM] Formatting file:///home/finder/.config/eww/bar/eww.scss
["INFO" - 2:43:37 PM] Using ignore file (if present) at /home/finder/.config/eww/bar/.prettierignore
["INFO" - 2:43:37 PM] File Info:
{
  "ignored": false,
  "inferredParser": "scss"
}
["INFO" - 2:43:37 PM] No local configuration (i.e. .prettierrc or .editorconfig) detected, falling back to VS Code configuration
["INFO" - 2:43:37 PM] Prettier Options:
{
  "arrowParens": "always",
  "bracketSpacing": true,
  "endOfLine": "lf",
  "htmlWhitespaceSensitivity": "css",
  "insertPragma": false,
  "jsxBracketSameLine": false,
  "jsxSingleQuote": false,
  "printWidth": 80,
  "proseWrap": "preserve",
  "quoteProps": "as-needed",
  "requirePragma": false,
  "semi": true,
  "singleQuote": false,
  "tabWidth": 2,
  "trailingComma": "es5",
  "useTabs": false,
  "vueIndentScriptAndStyle": false,
  "filepath": "/home/finder/.config/eww/bar/eww.scss",
  "parser": "scss"
}
["INFO" - 2:43:37 PM] Formatting completed in 0.127ms.
["INFO" - 2:43:51 PM] Formatting file:///home/finder/.config/eww/bar/eww.scss
["INFO" - 2:43:51 PM] Using ignore file (if present) at /home/finder/.config/eww/bar/.prettierignore
["INFO" - 2:43:51 PM] File Info:
{
  "ignored": false,
  "inferredParser": "scss"
}
["INFO" - 2:43:51 PM] No local configuration (i.e. .prettierrc or .editorconfig) detected, falling back to VS Code configuration
["INFO" - 2:43:51 PM] Prettier Options:
{
  "arrowParens": "always",
  "bracketSpacing": true,
  "endOfLine": "lf",
  "htmlWhitespaceSensitivity": "css",
  "insertPragma": false,
  "jsxBracketSameLine": false,
  "jsxSingleQuote": false,
  "printWidth": 80,
  "proseWrap": "preserve",
  "quoteProps": "as-needed",
  "requirePragma": false,
  "semi": true,
  "singleQuote": false,
  "tabWidth": 2,
  "trailingComma": "es5",
  "useTabs": false,
  "vueIndentScriptAndStyle": false,
  "filepath": "/home/finder/.config/eww/bar/eww.scss",
  "parser": "scss"
}
["INFO" - 2:43:51 PM] Formatting completed in 0.139ms.
["INFO" - 2:44:01 PM] Formatting file:///home/finder/.config/eww/bar/eww.scss
["INFO" - 2:44:02 PM] Using ignore file (if present) at /home/finder/.config/eww/bar/.prettierignore
["INFO" - 2:44:02 PM] File Info:
{
  "ignored": false,
  "inferredParser": "scss"
}
["INFO" - 2:44:02 PM] No local configuration (i.e. .prettierrc or .editorconfig) detected, falling back to VS Code configuration
["INFO" - 2:44:02 PM] Prettier Options:
{
  "arrowParens": "always",
  "bracketSpacing": true,
  "endOfLine": "lf",
  "htmlWhitespaceSensitivity": "css",
  "insertPragma": false,
  "jsxBracketSameLine": false,
  "jsxSingleQuote": false,
  "printWidth": 80,
  "proseWrap": "preserve",
  "quoteProps": "as-needed",
  "requirePragma": false,
  "semi": true,
  "singleQuote": false,
  "tabWidth": 2,
  "trailingComma": "es5",
  "useTabs": false,
  "vueIndentScriptAndStyle": false,
  "filepath": "/home/finder/.config/eww/bar/eww.scss",
  "parser": "scss"
}
["INFO" - 2:44:02 PM] Formatting completed in 0.165ms.
["INFO" - 2:45:25 PM] Formatting file:///home/finder/.config/eww/bar/eww.scss
["INFO" - 2:45:25 PM] Using ignore file (if present) at /home/finder/.config/eww/bar/.prettierignore
["INFO" - 2:45:25 PM] File Info:
{
  "ignored": false,
  "inferredParser": "scss"
}
["INFO" - 2:45:25 PM] No local configuration (i.e. .prettierrc or .editorconfig) detected, falling back to VS Code configuration
["INFO" - 2:45:25 PM] Prettier Options:
{
  "arrowParens": "always",
  "bracketSpacing": true,
  "endOfLine": "lf",
  "htmlWhitespaceSensitivity": "css",
  "insertPragma": false,
  "jsxBracketSameLine": false,
  "jsxSingleQuote": false,
  "printWidth": 80,
  "proseWrap": "preserve",
  "quoteProps": "as-needed",
  "requirePragma": false,
  "semi": true,
  "singleQuote": false,
  "tabWidth": 2,
  "trailingComma": "es5",
  "useTabs": false,
  "vueIndentScriptAndStyle": false,
  "filepath": "/home/finder/.config/eww/bar/eww.scss",
  "parser": "scss"
}
["ERROR" - 2:45:25 PM] Error formatting document.
["ERROR" - 2:45:25 PM] CssSyntaxError: Missed semicolon (3:1)
  1 | /** EWW.SCSS **/
  2 | $color-foreground: 
> 3 | $color-background: #0d1c30
    | ^
  4 | * {
  5 |   all: unset;
  6 |   font-family: FiraCode Nerd Font;
SyntaxError: CssSyntaxError: Missed semicolon (3:1)
  1 | /** EWW.SCSS **/
  2 | $color-foreground: 
> 3 | $color-background: #0d1c30
    | ^
  4 | * {
  5 |   all: unset;
  6 |   font-family: FiraCode Nerd Font;
	at i (/home/finder/.vscode-oss/extensions/esbenp.prettier-vscode-9.5.0/node_modules/prettier/parser-postcss.js:1:12833)
	at la (/home/finder/.vscode-oss/extensions/esbenp.prettier-vscode-9.5.0/node_modules/prettier/parser-postcss.js:76:8032)
	at Object.xt [as parse] (/home/finder/.vscode-oss/extensions/esbenp.prettier-vscode-9.5.0/node_modules/prettier/parser-postcss.js:76:8604)
	at Object.parse (/home/finder/.vscode-oss/extensions/esbenp.prettier-vscode-9.5.0/node_modules/prettier/index.js:7330:23)
	at coreFormat (/home/finder/.vscode-oss/extensions/esbenp.prettier-vscode-9.5.0/node_modules/prettier/index.js:8641:18)
	at formatWithCursor2 (/home/finder/.vscode-oss/extensions/esbenp.prettier-vscode-9.5.0/node_modules/prettier/index.js:8833:18)
	at /home/finder/.vscode-oss/extensions/esbenp.prettier-vscode-9.5.0/node_modules/prettier/index.js:39137:12
	at Object.format (/home/finder/.vscode-oss/extensions/esbenp.prettier-vscode-9.5.0/node_modules/prettier/index.js:39151:12)
	at t.default.format (/home/finder/.vscode-oss/extensions/esbenp.prettier-vscode-9.5.0/dist/extension.js:1:13489)
	at async t.PrettierEditProvider.provideEdits (/home/finder/.vscode-oss/extensions/esbenp.prettier-vscode-9.5.0/dist/extension.js:1:10196)
	at async z.provideDocumentFormattingEdits (/opt/vscodium-bin/resources/app/out/vs/workbench/api/node/extensionHostProcess.js:83:105121)
["INFO" - 2:45:25 PM] Formatting completed in 0.026ms.
["INFO" - 2:45:52 PM] Formatting file:///home/finder/.config/eww/bar/eww.scss
["INFO" - 2:45:52 PM] Using ignore file (if present) at /home/finder/.config/eww/bar/.prettierignore
["INFO" - 2:45:52 PM] File Info:
{
  "ignored": false,
  "inferredParser": "scss"
}
["INFO" - 2:45:52 PM] No local configuration (i.e. .prettierrc or .editorconfig) detected, falling back to VS Code configuration
["INFO" - 2:45:52 PM] Prettier Options:
{
  "arrowParens": "always",
  "bracketSpacing": true,
  "endOfLine": "lf",
  "htmlWhitespaceSensitivity": "css",
  "insertPragma": false,
  "jsxBracketSameLine": false,
  "jsxSingleQuote": false,
  "printWidth": 80,
  "proseWrap": "preserve",
  "quoteProps": "as-needed",
  "requirePragma": false,
  "semi": true,
  "singleQuote": false,
  "tabWidth": 2,
  "trailingComma": "es5",
  "useTabs": false,
  "vueIndentScriptAndStyle": false,
  "filepath": "/home/finder/.config/eww/bar/eww.scss",
  "parser": "scss"
}
["ERROR" - 2:45:52 PM] Error formatting document.
["ERROR" - 2:45:52 PM] CssSyntaxError: Missed semicolon (3:1)
  1 | /** EWW.SCSS **/
  2 | $color-foreground: 
> 3 | $color-background: #0d1c30;
    | ^
  4 |
  5 | * {
  6 |   all: unset;
SyntaxError: CssSyntaxError: Missed semicolon (3:1)
  1 | /** EWW.SCSS **/
  2 | $color-foreground: 
> 3 | $color-background: #0d1c30;
    | ^
  4 |
  5 | * {
  6 |   all: unset;
	at i (/home/finder/.vscode-oss/extensions/esbenp.prettier-vscode-9.5.0/node_modules/prettier/parser-postcss.js:1:12833)
	at la (/home/finder/.vscode-oss/extensions/esbenp.prettier-vscode-9.5.0/node_modules/prettier/parser-postcss.js:76:8032)
	at Object.xt [as parse] (/home/finder/.vscode-oss/extensions/esbenp.prettier-vscode-9.5.0/node_modules/prettier/parser-postcss.js:76:8604)
	at Object.parse (/home/finder/.vscode-oss/extensions/esbenp.prettier-vscode-9.5.0/node_modules/prettier/index.js:7330:23)
	at coreFormat (/home/finder/.vscode-oss/extensions/esbenp.prettier-vscode-9.5.0/node_modules/prettier/index.js:8641:18)
	at formatWithCursor2 (/home/finder/.vscode-oss/extensions/esbenp.prettier-vscode-9.5.0/node_modules/prettier/index.js:8833:18)
	at /home/finder/.vscode-oss/extensions/esbenp.prettier-vscode-9.5.0/node_modules/prettier/index.js:39137:12
	at Object.format (/home/finder/.vscode-oss/extensions/esbenp.prettier-vscode-9.5.0/node_modules/prettier/index.js:39151:12)
	at t.default.format (/home/finder/.vscode-oss/extensions/esbenp.prettier-vscode-9.5.0/dist/extension.js:1:13489)
	at async t.PrettierEditProvider.provideEdits (/home/finder/.vscode-oss/extensions/esbenp.prettier-vscode-9.5.0/dist/extension.js:1:10196)
	at async z.provideDocumentFormattingEdits (/opt/vscodium-bin/resources/app/out/vs/workbench/api/node/extensionHostProcess.js:83:105121)
["INFO" - 2:45:52 PM] Formatting completed in 0.013ms.
["INFO" - 2:45:59 PM] Formatting file:///home/finder/.config/eww/bar/eww.scss
["INFO" - 2:45:59 PM] Using ignore file (if present) at /home/finder/.config/eww/bar/.prettierignore
["INFO" - 2:45:59 PM] File Info:
{
  "ignored": false,
  "inferredParser": "scss"
}
["INFO" - 2:45:59 PM] No local configuration (i.e. .prettierrc or .editorconfig) detected, falling back to VS Code configuration
["INFO" - 2:45:59 PM] Prettier Options:
{
  "arrowParens": "always",
  "bracketSpacing": true,
  "endOfLine": "lf",
  "htmlWhitespaceSensitivity": "css",
  "insertPragma": false,
  "jsxBracketSameLine": false,
  "jsxSingleQuote": false,
  "printWidth": 80,
  "proseWrap": "preserve",
  "quoteProps": "as-needed",
  "requirePragma": false,
  "semi": true,
  "singleQuote": false,
  "tabWidth": 2,
  "trailingComma": "es5",
  "useTabs": false,
  "vueIndentScriptAndStyle": false,
  "filepath": "/home/finder/.config/eww/bar/eww.scss",
  "parser": "scss"
}
["INFO" - 2:45:59 PM] Formatting completed in 0.064ms.
["INFO" - 2:46:16 PM] Formatting file:///home/finder/.config/eww/bar/eww.scss
["INFO" - 2:46:16 PM] Using ignore file (if present) at /home/finder/.config/eww/bar/.prettierignore
["INFO" - 2:46:16 PM] File Info:
{
  "ignored": false,
  "inferredParser": "scss"
}
["INFO" - 2:46:16 PM] No local configuration (i.e. .prettierrc or .editorconfig) detected, falling back to VS Code configuration
["INFO" - 2:46:16 PM] Prettier Options:
{
  "arrowParens": "always",
  "bracketSpacing": true,
  "endOfLine": "lf",
  "htmlWhitespaceSensitivity": "css",
  "insertPragma": false,
  "jsxBracketSameLine": false,
  "jsxSingleQuote": false,
  "printWidth": 80,
  "proseWrap": "preserve",
  "quoteProps": "as-needed",
  "requirePragma": false,
  "semi": true,
  "singleQuote": false,
  "tabWidth": 2,
  "trailingComma": "es5",
  "useTabs": false,
  "vueIndentScriptAndStyle": false,
  "filepath": "/home/finder/.config/eww/bar/eww.scss",
  "parser": "scss"
}
["INFO" - 2:46:17 PM] Formatting completed in 0.08ms.
["INFO" - 2:47:02 PM] Formatting file:///home/finder/.config/eww/bar/eww.scss
["INFO" - 2:47:03 PM] Using ignore file (if present) at /home/finder/.config/eww/bar/.prettierignore
["INFO" - 2:47:03 PM] File Info:
{
  "ignored": false,
  "inferredParser": "scss"
}
["INFO" - 2:47:03 PM] No local configuration (i.e. .prettierrc or .editorconfig) detected, falling back to VS Code configuration
["INFO" - 2:47:03 PM] Prettier Options:
{
  "arrowParens": "always",
  "bracketSpacing": true,
  "endOfLine": "lf",
  "htmlWhitespaceSensitivity": "css",
  "insertPragma": false,
  "jsxBracketSameLine": false,
  "jsxSingleQuote": false,
  "printWidth": 80,
  "proseWrap": "preserve",
  "quoteProps": "as-needed",
  "requirePragma": false,
  "semi": true,
  "singleQuote": false,
  "tabWidth": 2,
  "trailingComma": "es5",
  "useTabs": false,
  "vueIndentScriptAndStyle": false,
  "filepath": "/home/finder/.config/eww/bar/eww.scss",
  "parser": "scss"
}
["INFO" - 2:47:03 PM] Formatting completed in 0.1ms.
["INFO" - 2:47:11 PM] Formatting file:///home/finder/.config/eww/bar/eww.scss
["INFO" - 2:47:11 PM] Using ignore file (if present) at /home/finder/.config/eww/bar/.prettierignore
["INFO" - 2:47:11 PM] File Info:
{
  "ignored": false,
  "inferredParser": "scss"
}
["INFO" - 2:47:11 PM] No local configuration (i.e. .prettierrc or .editorconfig) detected, falling back to VS Code configuration
["INFO" - 2:47:11 PM] Prettier Options:
{
  "arrowParens": "always",
  "bracketSpacing": true,
  "endOfLine": "lf",
  "htmlWhitespaceSensitivity": "css",
  "insertPragma": false,
  "jsxBracketSameLine": false,
  "jsxSingleQuote": false,
  "printWidth": 80,
  "proseWrap": "preserve",
  "quoteProps": "as-needed",
  "requirePragma": false,
  "semi": true,
  "singleQuote": false,
  "tabWidth": 2,
  "trailingComma": "es5",
  "useTabs": false,
  "vueIndentScriptAndStyle": false,
  "filepath": "/home/finder/.config/eww/bar/eww.scss",
  "parser": "scss"
}
["INFO" - 2:47:11 PM] Formatting completed in 0.188ms.
["INFO" - 2:47:47 PM] Formatting file:///home/finder/.config/eww/bar/eww.scss
["INFO" - 2:47:47 PM] Using ignore file (if present) at /home/finder/.config/eww/bar/.prettierignore
["INFO" - 2:47:47 PM] File Info:
{
  "ignored": false,
  "inferredParser": "scss"
}
["INFO" - 2:47:47 PM] No local configuration (i.e. .prettierrc or .editorconfig) detected, falling back to VS Code configuration
["INFO" - 2:47:47 PM] Prettier Options:
{
  "arrowParens": "always",
  "bracketSpacing": true,
  "endOfLine": "lf",
  "htmlWhitespaceSensitivity": "css",
  "insertPragma": false,
  "jsxBracketSameLine": false,
  "jsxSingleQuote": false,
  "printWidth": 80,
  "proseWrap": "preserve",
  "quoteProps": "as-needed",
  "requirePragma": false,
  "semi": true,
  "singleQuote": false,
  "tabWidth": 2,
  "trailingComma": "es5",
  "useTabs": false,
  "vueIndentScriptAndStyle": false,
  "filepath": "/home/finder/.config/eww/bar/eww.scss",
  "parser": "scss"
}
["INFO" - 2:47:47 PM] Formatting completed in 0.048ms.
["INFO" - 2:47:57 PM] Formatting file:///home/finder/.config/eww/bar/eww.scss
["INFO" - 2:47:57 PM] Using ignore file (if present) at /home/finder/.config/eww/bar/.prettierignore
["INFO" - 2:47:57 PM] File Info:
{
  "ignored": false,
  "inferredParser": "scss"
}
["INFO" - 2:47:57 PM] No local configuration (i.e. .prettierrc or .editorconfig) detected, falling back to VS Code configuration
["INFO" - 2:47:57 PM] Prettier Options:
{
  "arrowParens": "always",
  "bracketSpacing": true,
  "endOfLine": "lf",
  "htmlWhitespaceSensitivity": "css",
  "insertPragma": false,
  "jsxBracketSameLine": false,
  "jsxSingleQuote": false,
  "printWidth": 80,
  "proseWrap": "preserve",
  "quoteProps": "as-needed",
  "requirePragma": false,
  "semi": true,
  "singleQuote": false,
  "tabWidth": 2,
  "trailingComma": "es5",
  "useTabs": false,
  "vueIndentScriptAndStyle": false,
  "filepath": "/home/finder/.config/eww/bar/eww.scss",
  "parser": "scss"
}
["INFO" - 2:47:57 PM] Formatting completed in 0.151ms.
["INFO" - 2:48:01 PM] Formatting file:///home/finder/.config/eww/bar/eww.scss
["INFO" - 2:48:01 PM] Using ignore file (if present) at /home/finder/.config/eww/bar/.prettierignore
["INFO" - 2:48:01 PM] File Info:
{
  "ignored": false,
  "inferredParser": "scss"
}
["INFO" - 2:48:01 PM] No local configuration (i.e. .prettierrc or .editorconfig) detected, falling back to VS Code configuration
["INFO" - 2:48:01 PM] Prettier Options:
{
  "arrowParens": "always",
  "bracketSpacing": true,
  "endOfLine": "lf",
  "htmlWhitespaceSensitivity": "css",
  "insertPragma": false,
  "jsxBracketSameLine": false,
  "jsxSingleQuote": false,
  "printWidth": 80,
  "proseWrap": "preserve",
  "quoteProps": "as-needed",
  "requirePragma": false,
  "semi": true,
  "singleQuote": false,
  "tabWidth": 2,
  "trailingComma": "es5",
  "useTabs": false,
  "vueIndentScriptAndStyle": false,
  "filepath": "/home/finder/.config/eww/bar/eww.scss",
  "parser": "scss"
}
["INFO" - 2:48:01 PM] Formatting completed in 0.092ms.
["INFO" - 2:48:11 PM] Formatting file:///home/finder/.config/eww/bar/eww.scss
["INFO" - 2:48:11 PM] Using ignore file (if present) at /home/finder/.config/eww/bar/.prettierignore
["INFO" - 2:48:11 PM] File Info:
{
  "ignored": false,
  "inferredParser": "scss"
}
["INFO" - 2:48:11 PM] No local configuration (i.e. .prettierrc or .editorconfig) detected, falling back to VS Code configuration
["INFO" - 2:48:11 PM] Prettier Options:
{
  "arrowParens": "always",
  "bracketSpacing": true,
  "endOfLine": "lf",
  "htmlWhitespaceSensitivity": "css",
  "insertPragma": false,
  "jsxBracketSameLine": false,
  "jsxSingleQuote": false,
  "printWidth": 80,
  "proseWrap": "preserve",
  "quoteProps": "as-needed",
  "requirePragma": false,
  "semi": true,
  "singleQuote": false,
  "tabWidth": 2,
  "trailingComma": "es5",
  "useTabs": false,
  "vueIndentScriptAndStyle": false,
  "filepath": "/home/finder/.config/eww/bar/eww.scss",
  "parser": "scss"
}
["INFO" - 2:48:11 PM] Formatting completed in 0.068ms.
["INFO" - 2:48:20 PM] Formatting file:///home/finder/.config/eww/bar/eww.scss
["INFO" - 2:48:20 PM] Using ignore file (if present) at /home/finder/.config/eww/bar/.prettierignore
["INFO" - 2:48:20 PM] File Info:
{
  "ignored": false,
  "inferredParser": "scss"
}
["INFO" - 2:48:20 PM] No local configuration (i.e. .prettierrc or .editorconfig) detected, falling back to VS Code configuration
["INFO" - 2:48:20 PM] Prettier Options:
{
  "arrowParens": "always",
  "bracketSpacing": true,
  "endOfLine": "lf",
  "htmlWhitespaceSensitivity": "css",
  "insertPragma": false,
  "jsxBracketSameLine": false,
  "jsxSingleQuote": false,
  "printWidth": 80,
  "proseWrap": "preserve",
  "quoteProps": "as-needed",
  "requirePragma": false,
  "semi": true,
  "singleQuote": false,
  "tabWidth": 2,
  "trailingComma": "es5",
  "useTabs": false,
  "vueIndentScriptAndStyle": false,
  "filepath": "/home/finder/.config/eww/bar/eww.scss",
  "parser": "scss"
}
["INFO" - 2:48:21 PM] Formatting completed in 0.035ms.
["INFO" - 2:48:23 PM] Formatting file:///home/finder/.config/eww/bar/eww.scss
["INFO" - 2:48:23 PM] Using ignore file (if present) at /home/finder/.config/eww/bar/.prettierignore
["INFO" - 2:48:23 PM] File Info:
{
  "ignored": false,
  "inferredParser": "scss"
}
["INFO" - 2:48:23 PM] No local configuration (i.e. .prettierrc or .editorconfig) detected, falling back to VS Code configuration
["INFO" - 2:48:23 PM] Prettier Options:
{
  "arrowParens": "always",
  "bracketSpacing": true,
  "endOfLine": "lf",
  "htmlWhitespaceSensitivity": "css",
  "insertPragma": false,
  "jsxBracketSameLine": false,
  "jsxSingleQuote": false,
  "printWidth": 80,
  "proseWrap": "preserve",
  "quoteProps": "as-needed",
  "requirePragma": false,
  "semi": true,
  "singleQuote": false,
  "tabWidth": 2,
  "trailingComma": "es5",
  "useTabs": false,
  "vueIndentScriptAndStyle": false,
  "filepath": "/home/finder/.config/eww/bar/eww.scss",
  "parser": "scss"
}
["INFO" - 2:48:23 PM] Formatting completed in 0.07ms.
["INFO" - 2:48:25 PM] Formatting file:///home/finder/.config/eww/bar/eww.scss
["INFO" - 2:48:25 PM] Using ignore file (if present) at /home/finder/.config/eww/bar/.prettierignore
["INFO" - 2:48:25 PM] File Info:
{
  "ignored": false,
  "inferredParser": "scss"
}
["INFO" - 2:48:25 PM] No local configuration (i.e. .prettierrc or .editorconfig) detected, falling back to VS Code configuration
["INFO" - 2:48:25 PM] Prettier Options:
{
  "arrowParens": "always",
  "bracketSpacing": true,
  "endOfLine": "lf",
  "htmlWhitespaceSensitivity": "css",
  "insertPragma": false,
  "jsxBracketSameLine": false,
  "jsxSingleQuote": false,
  "printWidth": 80,
  "proseWrap": "preserve",
  "quoteProps": "as-needed",
  "requirePragma": false,
  "semi": true,
  "singleQuote": false,
  "tabWidth": 2,
  "trailingComma": "es5",
  "useTabs": false,
  "vueIndentScriptAndStyle": false,
  "filepath": "/home/finder/.config/eww/bar/eww.scss",
  "parser": "scss"
}
["INFO" - 2:48:25 PM] Formatting completed in 0.071ms.
["INFO" - 2:48:31 PM] Formatting file:///home/finder/.config/eww/bar/eww.scss
["INFO" - 2:48:31 PM] Using ignore file (if present) at /home/finder/.config/eww/bar/.prettierignore
["INFO" - 2:48:31 PM] File Info:
{
  "ignored": false,
  "inferredParser": "scss"
}
["INFO" - 2:48:31 PM] No local configuration (i.e. .prettierrc or .editorconfig) detected, falling back to VS Code configuration
["INFO" - 2:48:31 PM] Prettier Options:
{
  "arrowParens": "always",
  "bracketSpacing": true,
  "endOfLine": "lf",
  "htmlWhitespaceSensitivity": "css",
  "insertPragma": false,
  "jsxBracketSameLine": false,
  "jsxSingleQuote": false,
  "printWidth": 80,
  "proseWrap": "preserve",
  "quoteProps": "as-needed",
  "requirePragma": false,
  "semi": true,
  "singleQuote": false,
  "tabWidth": 2,
  "trailingComma": "es5",
  "useTabs": false,
  "vueIndentScriptAndStyle": false,
  "filepath": "/home/finder/.config/eww/bar/eww.scss",
  "parser": "scss"
}
["INFO" - 2:48:31 PM] Formatting completed in 0.044ms.
["INFO" - 2:48:34 PM] Formatting file:///home/finder/.config/eww/bar/eww.scss
["INFO" - 2:48:34 PM] Using ignore file (if present) at /home/finder/.config/eww/bar/.prettierignore
["INFO" - 2:48:34 PM] File Info:
{
  "ignored": false,
  "inferredParser": "scss"
}
["INFO" - 2:48:34 PM] No local configuration (i.e. .prettierrc or .editorconfig) detected, falling back to VS Code configuration
["INFO" - 2:48:34 PM] Prettier Options:
{
  "arrowParens": "always",
  "bracketSpacing": true,
  "endOfLine": "lf",
  "htmlWhitespaceSensitivity": "css",
  "insertPragma": false,
  "jsxBracketSameLine": false,
  "jsxSingleQuote": false,
  "printWidth": 80,
  "proseWrap": "preserve",
  "quoteProps": "as-needed",
  "requirePragma": false,
  "semi": true,
  "singleQuote": false,
  "tabWidth": 2,
  "trailingComma": "es5",
  "useTabs": false,
  "vueIndentScriptAndStyle": false,
  "filepath": "/home/finder/.config/eww/bar/eww.scss",
  "parser": "scss"
}
["INFO" - 2:48:34 PM] Formatting completed in 0.105ms.
["INFO" - 2:48:37 PM] Formatting file:///home/finder/.config/eww/bar/eww.scss
["INFO" - 2:48:37 PM] Using ignore file (if present) at /home/finder/.config/eww/bar/.prettierignore
["INFO" - 2:48:37 PM] File Info:
{
  "ignored": false,
  "inferredParser": "scss"
}
["INFO" - 2:48:37 PM] No local configuration (i.e. .prettierrc or .editorconfig) detected, falling back to VS Code configuration
["INFO" - 2:48:37 PM] Prettier Options:
{
  "arrowParens": "always",
  "bracketSpacing": true,
  "endOfLine": "lf",
  "htmlWhitespaceSensitivity": "css",
  "insertPragma": false,
  "jsxBracketSameLine": false,
  "jsxSingleQuote": false,
  "printWidth": 80,
  "proseWrap": "preserve",
  "quoteProps": "as-needed",
  "requirePragma": false,
  "semi": true,
  "singleQuote": false,
  "tabWidth": 2,
  "trailingComma": "es5",
  "useTabs": false,
  "vueIndentScriptAndStyle": false,
  "filepath": "/home/finder/.config/eww/bar/eww.scss",
  "parser": "scss"
}
["INFO" - 2:48:37 PM] Formatting completed in 0.054ms.
["INFO" - 2:50:32 PM] Formatting vscode-userdata:/home/finder/.config/VSCodium/User/settings.json
["INFO" - 2:50:32 PM] File Info:
{
  "ignored": false,
  "inferredParser": "json"
}
["INFO" - 2:50:32 PM] No local configuration (i.e. .prettierrc or .editorconfig) detected, falling back to VS Code configuration
["INFO" - 2:50:32 PM] Prettier Options:
{
  "arrowParens": "always",
  "bracketSpacing": true,
  "endOfLine": "lf",
  "htmlWhitespaceSensitivity": "css",
  "insertPragma": false,
  "jsxBracketSameLine": false,
  "jsxSingleQuote": false,
  "printWidth": 80,
  "proseWrap": "preserve",
  "quoteProps": "as-needed",
  "requirePragma": false,
  "semi": true,
  "singleQuote": false,
  "tabWidth": 2,
  "trailingComma": "es5",
  "useTabs": false,
  "vueIndentScriptAndStyle": false,
  "filepath": "/home/finder/.config/VSCodium/User/settings.json",
  "parser": "json"
}
["INFO" - 2:50:32 PM] Formatting completed in 0.162ms.
["INFO" - 2:50:32 PM] Formatting vscode-userdata:/home/finder/.config/VSCodium/User/settings.json
["INFO" - 2:50:32 PM] File Info:
{
  "ignored": false,
  "inferredParser": "json"
}
["INFO" - 2:50:32 PM] No local configuration (i.e. .prettierrc or .editorconfig) detected, falling back to VS Code configuration
["INFO" - 2:50:32 PM] Prettier Options:
{
  "arrowParens": "always",
  "bracketSpacing": true,
  "endOfLine": "lf",
  "htmlWhitespaceSensitivity": "css",
  "insertPragma": false,
  "jsxBracketSameLine": false,
  "jsxSingleQuote": false,
  "printWidth": 80,
  "proseWrap": "preserve",
  "quoteProps": "as-needed",
  "requirePragma": false,
  "semi": true,
  "singleQuote": false,
  "tabWidth": 2,
  "trailingComma": "es5",
  "useTabs": false,
  "vueIndentScriptAndStyle": false,
  "filepath": "/home/finder/.config/VSCodium/User/settings.json",
  "parser": "json"
}
["INFO" - 2:50:32 PM] Formatting completed in 0.011ms.
["INFO" - 2:50:36 PM] Formatting vscode-userdata:/home/finder/.config/VSCodium/User/settings.json
["INFO" - 2:50:36 PM] File Info:
{
  "ignored": false,
  "inferredParser": "json"
}
["INFO" - 2:50:36 PM] No local configuration (i.e. .prettierrc or .editorconfig) detected, falling back to VS Code configuration
["INFO" - 2:50:36 PM] Prettier Options:
{
  "arrowParens": "always",
  "bracketSpacing": true,
  "endOfLine": "lf",
  "htmlWhitespaceSensitivity": "css",
  "insertPragma": false,
  "jsxBracketSameLine": false,
  "jsxSingleQuote": false,
  "printWidth": 80,
  "proseWrap": "preserve",
  "quoteProps": "as-needed",
  "requirePragma": false,
  "semi": true,
  "singleQuote": false,
  "tabWidth": 2,
  "trailingComma": "es5",
  "useTabs": false,
  "vueIndentScriptAndStyle": false,
  "filepath": "/home/finder/.config/VSCodium/User/settings.json",
  "parser": "json"
}
["INFO" - 2:50:36 PM] Formatting completed in 0.049ms.
["INFO" - 2:50:54 PM] Formatting vscode-userdata:/home/finder/.config/VSCodium/User/settings.json
["INFO" - 2:50:54 PM] File Info:
{
  "ignored": false,
  "inferredParser": "json"
}
["INFO" - 2:50:54 PM] No local configuration (i.e. .prettierrc or .editorconfig) detected, falling back to VS Code configuration
["INFO" - 2:50:54 PM] Prettier Options:
{
  "arrowParens": "always",
  "bracketSpacing": true,
  "endOfLine": "lf",
  "htmlWhitespaceSensitivity": "css",
  "insertPragma": false,
  "jsxBracketSameLine": false,
  "jsxSingleQuote": false,
  "printWidth": 80,
  "proseWrap": "preserve",
  "quoteProps": "as-needed",
  "requirePragma": false,
  "semi": true,
  "singleQuote": false,
  "tabWidth": 2,
  "trailingComma": "es5",
  "useTabs": false,
  "vueIndentScriptAndStyle": false,
  "filepath": "/home/finder/.config/VSCodium/User/settings.json",
  "parser": "json"
}
["INFO" - 2:50:54 PM] Formatting completed in 0.033ms.
["INFO" - 2:50:59 PM] Formatting vscode-userdata:/home/finder/.config/VSCodium/User/settings.json
["INFO" - 2:50:59 PM] File Info:
{
  "ignored": false,
  "inferredParser": "json"
}
["INFO" - 2:50:59 PM] No local configuration (i.e. .prettierrc or .editorconfig) detected, falling back to VS Code configuration
["INFO" - 2:50:59 PM] Prettier Options:
{
  "arrowParens": "always",
  "bracketSpacing": true,
  "endOfLine": "lf",
  "htmlWhitespaceSensitivity": "css",
  "insertPragma": false,
  "jsxBracketSameLine": false,
  "jsxSingleQuote": false,
  "printWidth": 80,
  "proseWrap": "preserve",
  "quoteProps": "as-needed",
  "requirePragma": false,
  "semi": true,
  "singleQuote": false,
  "tabWidth": 2,
  "trailingComma": "es5",
  "useTabs": false,
  "vueIndentScriptAndStyle": false,
  "filepath": "/home/finder/.config/VSCodium/User/settings.json",
  "parser": "json"
}
["INFO" - 2:50:59 PM] Formatting completed in 0.031ms.
["INFO" - 2:50:59 PM] Formatting vscode-userdata:/home/finder/.config/VSCodium/User/settings.json
["INFO" - 2:50:59 PM] File Info:
{
  "ignored": false,
  "inferredParser": "json"
}
["INFO" - 2:50:59 PM] No local configuration (i.e. .prettierrc or .editorconfig) detected, falling back to VS Code configuration
["INFO" - 2:50:59 PM] Prettier Options:
{
  "arrowParens": "always",
  "bracketSpacing": true,
  "endOfLine": "lf",
  "htmlWhitespaceSensitivity": "css",
  "insertPragma": false,
  "jsxBracketSameLine": false,
  "jsxSingleQuote": false,
  "printWidth": 80,
  "proseWrap": "preserve",
  "quoteProps": "as-needed",
  "requirePragma": false,
  "semi": true,
  "singleQuote": false,
  "tabWidth": 2,
  "trailingComma": "es5",
  "useTabs": false,
  "vueIndentScriptAndStyle": false,
  "filepath": "/home/finder/.config/VSCodium/User/settings.json",
  "parser": "json"
}
["INFO" - 2:50:59 PM] Formatting completed in 0.012ms.
["INFO" - 2:51:37 PM] Formatting vscode-userdata:/home/finder/.config/VSCodium/User/settings.json
["INFO" - 2:51:37 PM] File Info:
{
  "ignored": false,
  "inferredParser": "json"
}
["INFO" - 2:51:37 PM] No local configuration (i.e. .prettierrc or .editorconfig) detected, falling back to VS Code configuration
["INFO" - 2:51:37 PM] Prettier Options:
{
  "arrowParens": "always",
  "bracketSpacing": true,
  "endOfLine": "lf",
  "htmlWhitespaceSensitivity": "css",
  "insertPragma": false,
  "jsxBracketSameLine": false,
  "jsxSingleQuote": false,
  "printWidth": 80,
  "proseWrap": "preserve",
  "quoteProps": "as-needed",
  "requirePragma": false,
  "semi": true,
  "singleQuote": false,
  "tabWidth": 2,
  "trailingComma": "es5",
  "useTabs": false,
  "vueIndentScriptAndStyle": false,
  "filepath": "/home/finder/.config/VSCodium/User/settings.json",
  "parser": "json"
}
["INFO" - 2:51:37 PM] Formatting completed in 0.007ms.
["INFO" - 2:51:45 PM] Formatting vscode-userdata:/home/finder/.config/VSCodium/User/settings.json
["INFO" - 2:51:45 PM] File Info:
{
  "ignored": false,
  "inferredParser": "json"
}
["INFO" - 2:51:45 PM] No local configuration (i.e. .prettierrc or .editorconfig) detected, falling back to VS Code configuration
["INFO" - 2:51:45 PM] Prettier Options:
{
  "arrowParens": "always",
  "bracketSpacing": true,
  "endOfLine": "lf",
  "htmlWhitespaceSensitivity": "css",
  "insertPragma": false,
  "jsxBracketSameLine": false,
  "jsxSingleQuote": false,
  "printWidth": 80,
  "proseWrap": "preserve",
  "quoteProps": "as-needed",
  "requirePragma": false,
  "semi": true,
  "singleQuote": false,
  "tabWidth": 2,
  "trailingComma": "es5",
  "useTabs": false,
  "vueIndentScriptAndStyle": false,
  "filepath": "/home/finder/.config/VSCodium/User/settings.json",
  "parser": "json"
}
["INFO" - 2:51:45 PM] Formatting completed in 0.011ms.
["INFO" - 2:51:49 PM] Formatting vscode-userdata:/home/finder/.config/VSCodium/User/settings.json
["INFO" - 2:51:49 PM] File Info:
{
  "ignored": false,
  "inferredParser": "json"
}
["INFO" - 2:51:49 PM] No local configuration (i.e. .prettierrc or .editorconfig) detected, falling back to VS Code configuration
["INFO" - 2:51:49 PM] Prettier Options:
{
  "arrowParens": "always",
  "bracketSpacing": true,
  "endOfLine": "lf",
  "htmlWhitespaceSensitivity": "css",
  "insertPragma": false,
  "jsxBracketSameLine": false,
  "jsxSingleQuote": false,
  "printWidth": 80,
  "proseWrap": "preserve",
  "quoteProps": "as-needed",
  "requirePragma": false,
  "semi": true,
  "singleQuote": false,
  "tabWidth": 2,
  "trailingComma": "es5",
  "useTabs": false,
  "vueIndentScriptAndStyle": false,
  "filepath": "/home/finder/.config/VSCodium/User/settings.json",
  "parser": "json"
}
["INFO" - 2:51:49 PM] Formatting completed in 0.041ms.
["INFO" - 2:51:53 PM] Formatting vscode-userdata:/home/finder/.config/VSCodium/User/settings.json
["INFO" - 2:51:53 PM] File Info:
{
  "ignored": false,
  "inferredParser": "json"
}
["INFO" - 2:51:53 PM] No local configuration (i.e. .prettierrc or .editorconfig) detected, falling back to VS Code configuration
["INFO" - 2:51:53 PM] Prettier Options:
{
  "arrowParens": "always",
  "bracketSpacing": true,
  "endOfLine": "lf",
  "htmlWhitespaceSensitivity": "css",
  "insertPragma": false,
  "jsxBracketSameLine": false,
  "jsxSingleQuote": false,
  "printWidth": 80,
  "proseWrap": "preserve",
  "quoteProps": "as-needed",
  "requirePragma": false,
  "semi": true,
  "singleQuote": false,
  "tabWidth": 2,
  "trailingComma": "es5",
  "useTabs": false,
  "vueIndentScriptAndStyle": false,
  "filepath": "/home/finder/.config/VSCodium/User/settings.json",
  "parser": "json"
}
["INFO" - 2:51:53 PM] Formatting completed in 0.014ms.
["INFO" - 2:51:57 PM] Formatting vscode-userdata:/home/finder/.config/VSCodium/User/settings.json
["INFO" - 2:51:57 PM] File Info:
{
  "ignored": false,
  "inferredParser": "json"
}
["INFO" - 2:51:57 PM] No local configuration (i.e. .prettierrc or .editorconfig) detected, falling back to VS Code configuration
["INFO" - 2:51:57 PM] Prettier Options:
{
  "arrowParens": "always",
  "bracketSpacing": true,
  "endOfLine": "lf",
  "htmlWhitespaceSensitivity": "css",
  "insertPragma": false,
  "jsxBracketSameLine": false,
  "jsxSingleQuote": false,
  "printWidth": 80,
  "proseWrap": "preserve",
  "quoteProps": "as-needed",
  "requirePragma": false,
  "semi": true,
  "singleQuote": false,
  "tabWidth": 2,
  "trailingComma": "es5",
  "useTabs": false,
  "vueIndentScriptAndStyle": false,
  "filepath": "/home/finder/.config/VSCodium/User/settings.json",
  "parser": "json"
}
["INFO" - 2:51:57 PM] Formatting completed in 0.016ms.
