[08/06/2022 22:57:12 - INFO] Discord Presence activated
[08/06/2022 22:57:12 - INFO] Creating discord-rpc client
[08/06/2022 22:57:12 - ERROR] Encountered following error while trying to login:
Error: Could not connect
[08/06/2022 22:57:12 - DEBUG] Loading git extension
[08/06/2022 22:57:33 - INFO] Disable: Cleaning up old listeners
[08/06/2022 22:57:33 - INFO] Disable: Destroyed the rpc instance
[08/06/2022 22:57:33 - INFO] Enable: Cleaning up old listeners
[08/06/2022 22:57:33 - INFO] Enable: Attempting to recreate login
[08/06/2022 22:57:33 - INFO] Creating discord-rpc client
[08/06/2022 22:57:33 - INFO] Successfully connected to Discord
[08/06/2022 22:57:33 - TRACE] VSCode language id: ini
[08/06/2022 22:58:59 - TRACE] VSCode language id: ini
[08/06/2022 22:59:01 - TRACE] VSCode language id: ini
[08/06/2022 22:59:05 - TRACE] VSCode language id: ini
[08/06/2022 22:59:07 - TRACE] VSCode language id: ini
[08/06/2022 22:59:10 - TRACE] VSCode language id: ini
[08/06/2022 22:59:12 - TRACE] VSCode language id: ini
[08/06/2022 22:59:14 - TRACE] VSCode language id: ini
[08/06/2022 22:59:19 - TRACE] VSCode language id: ini
[08/06/2022 22:59:23 - TRACE] VSCode language id: ini
[08/06/2022 22:59:25 - TRACE] VSCode language id: ini
[08/06/2022 22:59:27 - TRACE] VSCode language id: ini
[08/06/2022 22:59:52 - TRACE] VSCode language id: ini
[08/06/2022 23:00:10 - TRACE] VSCode language id: ini
[08/06/2022 23:00:12 - TRACE] VSCode language id: ini
[08/06/2022 23:00:14 - TRACE] VSCode language id: ini
[08/06/2022 23:00:25 - TRACE] VSCode language id: ini
[08/06/2022 23:00:36 - TRACE] VSCode language id: ini
[08/06/2022 23:00:38 - TRACE] VSCode language id: ini
[08/06/2022 23:00:40 - TRACE] VSCode language id: ini
[08/06/2022 23:00:42 - TRACE] VSCode language id: ini
[08/06/2022 23:00:44 - TRACE] VSCode language id: ini
[08/06/2022 23:00:46 - TRACE] VSCode language id: ini
[08/06/2022 23:00:48 - TRACE] VSCode language id: ini
[08/06/2022 23:00:50 - TRACE] VSCode language id: ini
[08/06/2022 23:00:52 - TRACE] VSCode language id: ini
[08/06/2022 23:00:58 - TRACE] VSCode language id: ini
[08/06/2022 23:01:03 - TRACE] VSCode language id: ini
[08/06/2022 23:01:05 - TRACE] VSCode language id: ini
[08/06/2022 23:01:08 - TRACE] VSCode language id: ini
[08/06/2022 23:01:16 - TRACE] VSCode language id: ini
[08/06/2022 23:01:18 - TRACE] VSCode language id: ini
[08/06/2022 23:01:19 - TRACE] VSCode language id: ini
[08/06/2022 23:01:21 - TRACE] VSCode language id: ini
[08/06/2022 23:02:45 - TRACE] VSCode language id: ini
[08/06/2022 23:02:47 - TRACE] VSCode language id: ini
[08/06/2022 23:02:54 - TRACE] VSCode language id: ini
[08/06/2022 23:02:56 - TRACE] VSCode language id: ini
[08/06/2022 23:02:59 - TRACE] VSCode language id: ini
[08/06/2022 23:03:01 - TRACE] VSCode language id: ini
[08/06/2022 23:03:04 - TRACE] VSCode language id: ini
[08/06/2022 23:03:10 - TRACE] VSCode language id: ini
[08/06/2022 23:03:12 - TRACE] VSCode language id: ini
[08/06/2022 23:03:18 - TRACE] VSCode language id: ini
[08/06/2022 23:03:20 - TRACE] VSCode language id: ini
[08/06/2022 23:03:31 - TRACE] VSCode language id: ini
[08/06/2022 23:03:33 - TRACE] VSCode language id: ini
[08/06/2022 23:03:41 - TRACE] VSCode language id: ini
[08/06/2022 23:03:43 - TRACE] VSCode language id: ini
[08/06/2022 23:03:45 - TRACE] VSCode language id: ini
[08/06/2022 23:04:45 - TRACE] VSCode language id: ini
[08/06/2022 23:04:47 - TRACE] VSCode language id: ini
[08/06/2022 23:04:54 - TRACE] VSCode language id: ini
[08/06/2022 23:04:56 - TRACE] VSCode language id: ini
[08/06/2022 23:05:00 - TRACE] VSCode language id: ini
[08/06/2022 23:05:01 - TRACE] VSCode language id: ini
[08/06/2022 23:05:03 - TRACE] VSCode language id: ini
[08/06/2022 23:05:03 - TRACE] VSCode language id: ini
[08/06/2022 23:05:05 - TRACE] VSCode language id: ini
[08/06/2022 23:05:08 - TRACE] VSCode language id: ini
[08/06/2022 23:05:10 - TRACE] VSCode language id: ini
[08/06/2022 23:05:13 - TRACE] VSCode language id: ini
[08/06/2022 23:05:15 - TRACE] VSCode language id: ini
[08/06/2022 23:06:52 - TRACE] VSCode language id: ini
[08/06/2022 23:06:52 - TRACE] VSCode language id: ini
[08/06/2022 23:06:58 - TRACE] VSCode language id: ini
[08/06/2022 23:07:00 - TRACE] VSCode language id: ini
[08/06/2022 23:07:02 - TRACE] VSCode language id: ini
[08/06/2022 23:07:04 - TRACE] VSCode language id: ini
[08/06/2022 23:07:06 - TRACE] VSCode language id: ini
[08/06/2022 23:07:08 - TRACE] VSCode language id: ini
[08/06/2022 23:07:35 - TRACE] VSCode language id: ini
[08/06/2022 23:07:37 - TRACE] VSCode language id: ini
[08/06/2022 23:12:21 - TRACE] VSCode language id: ini
[08/06/2022 23:12:30 - TRACE] VSCode language id: ini
[08/06/2022 23:12:32 - TRACE] VSCode language id: ini
[08/06/2022 23:12:34 - TRACE] VSCode language id: ini
[08/06/2022 23:12:36 - TRACE] VSCode language id: ini
[08/06/2022 23:12:38 - TRACE] VSCode language id: ini
[08/06/2022 23:12:40 - TRACE] VSCode language id: ini
[08/06/2022 23:12:42 - TRACE] VSCode language id: ini
[08/06/2022 23:12:44 - TRACE] VSCode language id: ini
[08/06/2022 23:12:46 - TRACE] VSCode language id: ini
[08/06/2022 23:12:48 - TRACE] VSCode language id: ini
[08/06/2022 23:12:50 - TRACE] VSCode language id: ini
[08/06/2022 23:12:56 - TRACE] VSCode language id: ini
[08/06/2022 23:12:58 - TRACE] VSCode language id: ini
[08/06/2022 23:12:59 - TRACE] VSCode language id: ini
[08/06/2022 23:13:01 - TRACE] VSCode language id: ini
[08/06/2022 23:14:01 - TRACE] VSCode language id: ini
[08/06/2022 23:14:01 - TRACE] VSCode language id: ini
[08/06/2022 23:14:01 - TRACE] VSCode language id: ini
[08/06/2022 23:14:01 - TRACE] VSCode language id: ini
[08/06/2022 23:14:05 - TRACE] VSCode language id: ini
[08/06/2022 23:14:07 - TRACE] VSCode language id: ini
[08/06/2022 23:14:30 - TRACE] VSCode language id: ini
[08/06/2022 23:14:30 - TRACE] VSCode language id: ini
[08/06/2022 23:15:01 - TRACE] VSCode language id: ini
[08/06/2022 23:15:03 - TRACE] VSCode language id: ini
[08/06/2022 23:15:07 - TRACE] VSCode language id: ini
[08/06/2022 23:15:09 - TRACE] VSCode language id: ini
[08/06/2022 23:15:11 - TRACE] VSCode language id: ini
[08/06/2022 23:15:19 - TRACE] VSCode language id: ini
[08/06/2022 23:15:21 - TRACE] VSCode language id: ini
[08/06/2022 23:15:22 - TRACE] VSCode language id: ini
[08/06/2022 23:15:24 - TRACE] VSCode language id: ini
[08/06/2022 23:15:27 - TRACE] VSCode language id: ini
[08/06/2022 23:15:44 - TRACE] VSCode language id: ini
[08/06/2022 23:15:46 - TRACE] VSCode language id: ini
[08/06/2022 23:15:48 - TRACE] VSCode language id: ini
[08/06/2022 23:15:51 - TRACE] VSCode language id: ini
[08/06/2022 23:15:53 - TRACE] VSCode language id: ini
[08/06/2022 23:15:59 - TRACE] VSCode language id: ini
[08/06/2022 23:15:59 - TRACE] VSCode language id: ini
[08/06/2022 23:16:25 - TRACE] VSCode language id: ini
[08/06/2022 23:16:27 - TRACE] VSCode language id: ini
[08/06/2022 23:16:28 - TRACE] VSCode language id: ini
[08/06/2022 23:16:30 - TRACE] VSCode language id: ini
[08/06/2022 23:16:49 - TRACE] VSCode language id: ini
[08/06/2022 23:16:51 - TRACE] VSCode language id: ini
[08/06/2022 23:16:54 - TRACE] VSCode language id: ini
[08/06/2022 23:16:55 - TRACE] VSCode language id: ini
[08/06/2022 23:16:57 - TRACE] VSCode language id: ini
[08/06/2022 23:17:01 - TRACE] VSCode language id: ini
[08/06/2022 23:17:03 - TRACE] VSCode language id: ini
[08/06/2022 23:17:06 - TRACE] VSCode language id: ini
[08/06/2022 23:17:08 - TRACE] VSCode language id: ini
[08/06/2022 23:17:19 - TRACE] VSCode language id: ini
[08/06/2022 23:17:21 - TRACE] VSCode language id: ini
[08/06/2022 23:17:29 - TRACE] VSCode language id: ini
[08/06/2022 23:17:31 - TRACE] VSCode language id: ini
[08/06/2022 23:17:32 - TRACE] VSCode language id: ini
[08/06/2022 23:17:34 - TRACE] VSCode language id: ini
[08/06/2022 23:17:36 - TRACE] VSCode language id: ini
[08/06/2022 23:17:49 - TRACE] VSCode language id: ini
[08/06/2022 23:17:51 - TRACE] VSCode language id: ini
[08/06/2022 23:17:53 - TRACE] VSCode language id: ini
[08/06/2022 23:18:28 - TRACE] VSCode language id: ini
[08/06/2022 23:18:30 - TRACE] VSCode language id: ini
[08/06/2022 23:18:37 - TRACE] VSCode language id: ini
[08/06/2022 23:18:39 - TRACE] VSCode language id: ini
[08/06/2022 23:18:41 - TRACE] VSCode language id: ini
[08/06/2022 23:18:43 - TRACE] VSCode language id: ini
[08/06/2022 23:18:58 - TRACE] VSCode language id: ini
[08/06/2022 23:19:00 - TRACE] VSCode language id: ini
[08/06/2022 23:19:01 - TRACE] VSCode language id: ini
[08/06/2022 23:19:03 - TRACE] VSCode language id: ini
[08/06/2022 23:19:07 - TRACE] VSCode language id: ini
[08/06/2022 23:19:08 - TRACE] VSCode language id: ini
[08/06/2022 23:19:10 - TRACE] VSCode language id: ini
[08/06/2022 23:19:55 - TRACE] VSCode language id: ini
[08/06/2022 23:19:57 - TRACE] VSCode language id: ini
[08/06/2022 23:19:59 - TRACE] VSCode language id: ini
[08/06/2022 23:20:15 - TRACE] VSCode language id: ini
[08/06/2022 23:20:17 - TRACE] VSCode language id: ini
[08/06/2022 23:20:17 - TRACE] VSCode language id: ini
[08/06/2022 23:20:19 - TRACE] VSCode language id: ini
[08/06/2022 23:20:22 - TRACE] VSCode language id: ini
[08/06/2022 23:20:26 - TRACE] VSCode language id: ini
[08/06/2022 23:20:28 - TRACE] VSCode language id: ini
[08/06/2022 23:20:30 - TRACE] VSCode language id: ini
[08/06/2022 23:20:32 - TRACE] VSCode language id: ini
[08/06/2022 23:20:34 - TRACE] VSCode language id: ini
[08/06/2022 23:20:45 - TRACE] VSCode language id: ini
[08/06/2022 23:20:47 - TRACE] VSCode language id: ini
[08/06/2022 23:20:50 - TRACE] VSCode language id: ini
[08/06/2022 23:20:52 - TRACE] VSCode language id: ini
[08/06/2022 23:20:54 - TRACE] VSCode language id: ini
[08/06/2022 23:20:56 - TRACE] VSCode language id: ini
[08/06/2022 23:20:57 - TRACE] VSCode language id: ini
[08/06/2022 23:20:59 - TRACE] VSCode language id: ini
[08/06/2022 23:21:02 - TRACE] VSCode language id: ini
[08/06/2022 23:21:06 - TRACE] VSCode language id: ini
[08/06/2022 23:21:08 - TRACE] VSCode language id: ini
[08/06/2022 23:21:36 - TRACE] VSCode language id: ini
[08/06/2022 23:21:38 - TRACE] VSCode language id: ini
[08/06/2022 23:21:45 - TRACE] VSCode language id: ini
[08/06/2022 23:21:58 - TRACE] VSCode language id: ini
[08/06/2022 23:22:00 - TRACE] VSCode language id: ini
[08/06/2022 23:22:01 - TRACE] VSCode language id: ini
[08/06/2022 23:22:04 - TRACE] VSCode language id: ini
[08/06/2022 23:22:06 - TRACE] VSCode language id: ini
[08/06/2022 23:22:08 - TRACE] VSCode language id: ini
[08/06/2022 23:22:26 - TRACE] VSCode language id: ini
[08/06/2022 23:22:28 - TRACE] VSCode language id: ini
[08/06/2022 23:22:32 - TRACE] VSCode language id: ini
[08/06/2022 23:22:34 - TRACE] VSCode language id: ini
[08/06/2022 23:23:19 - TRACE] VSCode language id: ini
[08/06/2022 23:23:21 - TRACE] VSCode language id: ini
[08/06/2022 23:23:29 - TRACE] VSCode language id: ini
[08/06/2022 23:23:31 - TRACE] VSCode language id: ini
[08/06/2022 23:23:47 - TRACE] VSCode language id: ini
[08/06/2022 23:23:49 - TRACE] VSCode language id: ini
[08/06/2022 23:23:52 - TRACE] VSCode language id: ini
[08/06/2022 23:23:56 - TRACE] VSCode language id: ini
[08/06/2022 23:23:58 - TRACE] VSCode language id: ini
[08/06/2022 23:24:04 - TRACE] VSCode language id: ini
[08/06/2022 23:24:06 - TRACE] VSCode language id: ini
