[2022-06-08T08:03:57.528Z] Validating found git in: git
[2022-06-08T08:03:57.553Z] Using git 2.36.1 from git
[2022-06-08T08:03:57.687Z] > git rev-parse --show-toplevel [120ms]
[2022-06-08T08:03:57.687Z] fatal: not a git repository (or any of the parent directories): .git
[2022-06-08T08:03:57.728Z] > git rev-parse --show-toplevel [28ms]
[2022-06-08T08:03:57.728Z] fatal: not a git repository (or any of the parent directories): .git
[2022-06-08T08:03:57.762Z] > git rev-parse --show-toplevel [19ms]
[2022-06-08T08:03:57.762Z] fatal: not a git repository (or any of the parent directories): .git
[2022-06-08T08:03:57.784Z] > git rev-parse --show-toplevel [10ms]
[2022-06-08T08:03:57.784Z] fatal: not a git repository (or any of the parent directories): .git
[2022-06-08T08:03:57.812Z] > git rev-parse --show-toplevel [14ms]
[2022-06-08T08:03:57.812Z] fatal: not a git repository (or any of the parent directories): .git
[2022-06-08T08:03:57.830Z] > git rev-parse --show-toplevel [5ms]
[2022-06-08T08:03:57.850Z] > git rev-parse --git-dir --git-common-dir [8ms]
[2022-06-08T08:03:57.877Z] Open repository: /home/finder/.oh-my-zsh
[2022-06-08T08:03:57.961Z] > git rev-parse --show-toplevel [52ms]
[2022-06-08T08:03:57.961Z] fatal: not a git repository (or any of the parent directories): .git
[2022-06-08T08:03:58.001Z] > git rev-parse --show-toplevel [25ms]
[2022-06-08T08:03:58.001Z] fatal: not a git repository (or any of the parent directories): .git
[2022-06-08T08:03:58.032Z] > git rev-parse --show-toplevel [3ms]
[2022-06-08T08:03:58.032Z] fatal: not a git repository (or any of the parent directories): .git
[2022-06-08T08:03:58.056Z] > git rev-parse --show-toplevel [7ms]
[2022-06-08T08:03:58.056Z] fatal: not a git repository (or any of the parent directories): .git
[2022-06-08T08:03:58.079Z] > git rev-parse --show-toplevel [3ms]
[2022-06-08T08:03:58.079Z] fatal: not a git repository (or any of the parent directories): .git
[2022-06-08T08:03:58.095Z] > git status -z -uall [197ms]
[2022-06-08T08:03:58.108Z] > git symbolic-ref --short HEAD [7ms]
[2022-06-08T08:03:58.119Z] > git rev-parse --show-toplevel [28ms]
[2022-06-08T08:03:58.119Z] fatal: not a git repository (or any of the parent directories): .git
[2022-06-08T08:03:58.131Z] > git for-each-ref --format=%(refname)%00%(upstream:short)%00%(objectname)%00%(upstream:track)%00%(upstream:remotename)%00%(upstream:remoteref) refs/heads/master refs/remotes/master [14ms]
[2022-06-08T08:03:58.163Z] > git for-each-ref --sort -committerdate --format %(refname) %(objectname) %(*objectname) [15ms]
[2022-06-08T08:03:58.165Z] > git remote --verbose [11ms]
[2022-06-08T08:03:58.184Z] > git config --get commit.template [1ms]
[2022-06-08T08:03:58.507Z] > git check-ignore -v -z --stdin [3ms]
