[2022-06-08 15:57:27.589] [main] [info] window#load: attempt to load window (id: 1)
[2022-06-08 15:57:27.723] [main] [info] update#setState idle
[2022-06-08 15:57:28.654] [main] [info] ExtensionHostStarterWorker created
[2022-06-08 15:57:32.766] [main] [info] window#load: window reported ready (id: 1)
[2022-06-08 15:57:32.930] [main] [info] Starting extension host with pid 1681 (fork() took 13 ms).
[2022-06-08 15:57:32.930] [main] [info] ExtensionHostStarterWorker.start() took 15 ms.
[2022-06-08 15:57:57.028] [main] [info] window#load: attempt to load window (id: 1)
[2022-06-08 15:57:57.047] [main] [info] Extension host with pid 1681 exited with code: 0, signal: null.
[2022-06-08 15:57:57.723] [main] [info] update#setState checking for updates
[2022-06-08 15:57:57.905] [main] [info] window#load: window reported ready (id: 1)
[2022-06-08 15:57:58.059] [main] [info] update#setState idle
[2022-06-08 15:57:58.279] [main] [info] Starting extension host with pid 1785 (fork() took 7 ms).
[2022-06-08 15:57:58.280] [main] [info] ExtensionHostStarterWorker.start() took 8 ms.
[2022-06-08 16:03:50.661] [main] [info] window#load: attempt to load window (id: 3)
[2022-06-08 16:03:52.507] [main] [info] window#load: window reported ready (id: 3)
[2022-06-08 16:03:52.791] [main] [info] Starting extension host with pid 2619 (fork() took 10 ms).
[2022-06-08 16:03:52.792] [main] [info] ExtensionHostStarterWorker.start() took 14 ms.
[2022-06-08 16:03:55.761] [main] [info] Extension host with pid 1785 exited with code: 0, signal: null.
[2022-06-08 16:04:26.753] [main] [info] window#load: attempt to load window (id: 3)
[2022-06-08 16:04:26.813] [main] [info] Extension host with pid 2619 exited with code: 0, signal: null.
[2022-06-08 16:04:28.177] [main] [info] window#load: window reported ready (id: 3)
[2022-06-08 16:04:28.422] [main] [info] Starting extension host with pid 2753 (fork() took 10 ms).
[2022-06-08 16:04:28.423] [main] [info] ExtensionHostStarterWorker.start() took 11 ms.
[2022-06-08 16:17:02.185] [main] [info] window#load: attempt to load window (id: 4)
[2022-06-08 16:17:04.099] [main] [info] window#load: window reported ready (id: 4)
[2022-06-08 16:17:04.430] [main] [info] Starting extension host with pid 5511 (fork() took 14 ms).
[2022-06-08 16:17:04.430] [main] [info] ExtensionHostStarterWorker.start() took 18 ms.
[2022-06-08 16:17:05.159] [main] [info] Extension host with pid 2753 exited with code: 0, signal: null.
