[2022-06-08 16:17:05.771] [exthost] [info] Extension host with pid 5511 started
[2022-06-08 16:17:05.772] [exthost] [info] Skipping acquiring lock for /home/finder/.config/VSCodium/User/workspaceStorage/464cbd337fb7ed46d43947fb65e719f7.
[2022-06-08 16:17:05.894] [exthost] [info] ExtensionService#_doActivateExtension vscode.debug-auto-launch, startup: true, activationEvent: '*'
[2022-06-08 16:17:05.898] [exthost] [info] ExtensionService#_doActivateExtension vscode.git-base, startup: true, activationEvent: '*', root cause: vscode.git
[2022-06-08 16:17:05.900] [exthost] [info] ExtensionService#_doActivateExtension vscode.ipynb, startup: true, activationEvent: '*'
[2022-06-08 16:17:05.907] [exthost] [info] ExtensionService#_doActivateExtension asvetliakov.vscode-neovim, startup: true, activationEvent: '*'
[2022-06-08 16:17:05.921] [exthost] [info] ExtensionService#_doActivateExtension icrawl.discord-vscode, startup: true, activationEvent: '*'
[2022-06-08 16:17:05.992] [exthost] [info] ExtensionService#_doActivateExtension vscode.git, startup: true, activationEvent: '*'
[2022-06-08 16:17:06.008] [exthost] [info] ExtensionService#_doActivateExtension vscode.github, startup: true, activationEvent: '*'
[2022-06-08 16:17:06.225] [exthost] [info] Eager extensions activated
[2022-06-08 16:17:06.245] [exthost] [info] ExtensionService#_doActivateExtension vscode.emmet, startup: false, activationEvent: 'onStartupFinished'
[2022-06-08 16:17:06.262] [exthost] [info] ExtensionService#_doActivateExtension vscode.merge-conflict, startup: false, activationEvent: 'onStartupFinished'
[2022-06-08 16:17:06.268] [exthost] [info] ExtensionService#_doActivateExtension esbenp.prettier-vscode, startup: false, activationEvent: 'onStartupFinished'
[2022-06-08 16:30:27.940] [exthost] [warning] TextEditor is closed/disposed
[2022-06-08 16:30:27.952] [exthost] [warning] TextEditor is closed/disposed
[2022-06-08 16:30:27.957] [exthost] [warning] TextEditor is closed/disposed
[2022-06-08 16:30:27.960] [exthost] [warning] TextEditor is closed/disposed
[2022-06-08 16:30:27.974] [exthost] [warning] TextEditor is closed/disposed
[2022-06-08 16:47:47.193] [exthost] [warning] TextEditor is closed/disposed
[2022-06-08 16:47:47.211] [exthost] [warning] TextEditor is closed/disposed
[2022-06-08 16:47:47.217] [exthost] [warning] TextEditor is closed/disposed
[2022-06-08 16:47:47.226] [exthost] [warning] TextEditor is closed/disposed
[2022-06-08 16:47:54.226] [exthost] [warning] TextEditor is closed/disposed
[2022-06-08 16:47:54.232] [exthost] [warning] TextEditor is closed/disposed
[2022-06-08 16:47:54.235] [exthost] [warning] TextEditor is closed/disposed
[2022-06-08 16:47:54.296] [exthost] [warning] TextEditor is closed/disposed
