
/xwork             
search hit BOTTOM, continuing at TOP
E486: Pattern not found: xwork
7 fewer lines
7 fewer lines
1 line less; before #5  2 seconds ago
/xworkspaces             
search hit BOTTOM, continuing at TOP
E486: Pattern not found: xworkspaces
/xwork             
/xwork        [1/1]
/FONT             
search hit BOTTOM, continuing at TOP
E486: Pattern not found: FONT
/fnt             
search hit BOTTOM, continuing at TOP
E486: Pattern not found: fnt
/font             
/font     W [1/23]
/font             
/font       [2/23]
/font             
/font       [3/23]
/font             
/font       [4/23]
/font             
/font       [5/23]
/font             
/font       [6/23]
/font             
/font       [7/23]
/font             
/font       [8/23]
/font             
/font       [9/23]
/font             
/font      [10/23]
/font             
/font      [11/23]
/font             
/font      [12/23]
/font             
/font      [13/23]
/font             
/font      [14/23]
/font             
/font      [15/23]
/font             
/font      [16/23]
/font             
/font      [17/23]
/font             
/font      [18/23]
/font             
/font      [19/23]
/font             
/font      [20/23]
/font             
/font      [21/23]
/i3             
search hit BOTTOM, continuing at TOP
E486: Pattern not found: i3
/i3             
search hit BOTTOM, continuing at TOP
E486: Pattern not found: i3
/i3             
search hit BOTTOM, continuing at TOP
E486: Pattern not found: i3