
/i             
/i      [3/>99]
/icon             
/icon       [1/93]
/xwork             
/xwork        [1/1]
/font             
/font      [23/23]
/font             
/font     W [1/23]
/font             
/font       [2/23]
/font             
/font       [3/23]
/font             
/font       [4/23]
/font             
/font       [5/23]
/font             
/font       [6/23]
/font             
/font       [7/23]
/font             
/font       [8/23]
/font             
/font       [9/23]
/font             
/font      [10/23]
/font             
/font      [11/23]
/font             
/font      [12/23]
/font             
/font      [13/23]
/font             
/font      [14/23]
/font             
/font      [15/23]
/font             
/font      [16/23]
/font             
/font      [17/23]
/font             
/font      [18/23]
/font             
/font      [19/23]
/font             
/font      [20/23]
/font             
/font      [21/23]
/font             
/font      [22/23]
/font             
/font      [23/23]
/font             
/font     W [1/23]
/font             
/font       [2/23]
/font             
/font       [3/23]
/font             
/font       [4/23]
/font             
/font       [5/23]
/font             
/font       [6/23]
/font             
/font       [7/23]
/font             
/font       [8/23]
/font             
/font       [9/23]
/font             
/font      [10/23]
/font             
/font      [11/23]
/font             
/font      [12/23]
/font             
/font      [13/23]
/font             
/font      [14/23]
/font             
/font      [15/23]
/font             
/font      [16/23]
/font             
/font      [17/23]
Already at oldest change
Already at oldest change
Already at oldest change
/font             
/font      [18/23]
/font             
/font      [19/23]
/font             
/font      [20/23]
/font             
/font      [21/23]
/font             
/font      [22/23]
/font             
/font      [23/23]
/font             
/font     W [1/23]
/font             
/font       [1/23]
/font             
/font       [2/23]
/font             
/font       [3/23]
/font             
/font       [4/23]
/font             
/font       [5/23]
/font             
/font       [6/23]
/font             
/font       [7/23]
/font             
/font       [8/23]
/font             
/font       [9/23]
/font             
/font      [10/23]
/font             
/font      [11/23]
/font             
/font      [12/23]
/font             
/font      [13/23]
/xwork             
/xwork        [1/1]
/bspwm             
/bspwm      W [1/4]
/bspwm             
/bspwm      W [1/4]